Case #1:
472826.3544951745
11059.9405965855
7811.6959562233
18313.0671230689
229899229.2028021812
864170501.0000000000
472826.3544951745
472826.3544951745
88.2836338174
Case #2:
239.6455716261
10.0000000000
1520.5457248328
59926.5620979842
1622.5367197590
740.9586642887
44.7774352007
1847.5007928032
6582.6290400490
Case #3:
6187166.0912084728
12606.6880339924
90387.2151081115
632627725.3157461882
928486.2558598261
78429.9982128648
69505.4102525661
53190.1983124161
46813.3178171255
3.4641016151
Case #4:
156911.5040751967
153.8895707967
153.8895707967
221925805.1616316438
15895902.2449989263
1278292.3507820882
10526354.5784477238
15895902.2449989263
Case #5:
6849608.1789301801
44885.5133292282
975650704.9999998808
Case #6:
48799.3903650446
4723388.6530837193
1382874.3444142409
44570.1882428154
1201012.1348744666
12853703.2177873999
238138050.0000002086
416218225.4053474069
258160.2774048558
3002833.1377310813
Case #7:
298201.4624612028
80012.4804748173
4876.3294076262
1563361.6812496413
79163.6644553548
70600.2234611526
132072.4341514882
174601.2150839454
Case #8:
612.5928501052
1931.1402579423
Case #9:
999999999.9999992847
Case #10:
70847.1116251923
494573.5903873848
67603.1676989542
291984473.1042451262
654.0378101599
667332.1665065659
73057150.5339991003
15690404.4376175832
11590585.9672679100
645917092.7258397341
Case #11:
5724246.6753276838
181.0165738268
1.0000000000
Case #12:
5358536.3125945162
3592595.3570200400
1434.6016483683
4652.2772924837
7553.1073900923
25367.3924359600
3560453.0749283824
9511.7086513654
33628.7400241143
8467.1349300060
Case #13:
9.0000000000
637622.2382795981
637622.2382795981
Case #14:
27109.5702658674
185255.1093824246
37660.4826986603
24524.9873606491
451280.4002763280
272358.4132942657
44557.5315243129
419877.5840586516
Case #15:
2.8844991406
1355.1513421458
141.9913979181
4.0000000000
3024.0593431791
2.4494897428
349.5655792216
Case #16:
5.0000000000
18169.9382005037
1592.6792171564
17698.5075406697
5.0000000000
6006.9531649019
6797.3136120328
Case #17:
965.4023847102
93.9785676201
52762.5932266411
1967.4687472213
4429.9300611640
10051.3142896400
10614.7872837501
1772.3959687306
1512.6019106932
Case #18:
1459.0146601554
2387.3180455566
38560.0199949383
2387.3180455566
1095.7183746884
86.1539084511
1744.5175621964
11086.7543943212
11086.7543943212
9.0000000000
Case #19:
46319.5553212432
8881.2538020914
15813.6196315349
7667.5307771426
1401.3361719594
35424.5347548324
6111.5024092929
39358.7658343093
Case #20:
375505570.9999995828
36522.8584262843
275727.5549840032
41682.9565290531
Case #21:
231853.6690896917
1509506.9179686904
95322.2732628635
Case #22:
60093.7570967234
53474.0000000000
2113.3382907023
420.1285517553
67533.0000000000
420.1285517553
Case #23:
57895.5242437699
882.6870160078
20.1620173088
634.4761618847
56558.0287615956
4811.2555259295
341958.5834020071
72670.0000000000
78766.3330220137
117.2096952922
Case #24:
94.0874770409
14625.4970077578
74639.6890869730
1008.8683308033
47525.2862590011
56.9894306862
Case #25:
504713804.0588183403
6.2144650119
515444.7431405206
31.1984748109
99.5058286359
6.9282032303
1318593.5847019067
Case #26:
11327851.9758784603
695317.7186746496
246246.5182863830
317603.4300050088
385.5359905378
6943850.2749230182
362462.1394037731
33219.3145441386
180573.7042053020
362462.1394037731
Case #27:
900.8358124459
261.9431084924
35.9582850148
81.4984662432
131.6031055518
3216.3090837682
199855.0579019610
8.4852813742
821.7137481895
22099.7289906069
Case #28:
1254140.1136640825
58481.0000000000
1024289.0478401657
1024289.0478401657
1254140.1136640825
1254140.1136640825
588798.7537255550
588798.7537255550
1024289.0478401657
64302.2788476427
Case #29:
9.0000000000
67007.4581819069
9.0000000000
Case #30:
70136.5989979553
16223.1937461783
31599.4726524994
87117.1040578588
28620.3901596289
8436.8933858433
7809.6074717760
Case #31:
25890.0000000000
25890.0000000000
25890.0000000000
25890.0000000000
25890.0000000000
25890.0000000000
25890.0000000000
25890.0000000000
25890.0000000000
Case #32:
46489.2338936093
16682.9148604029
1950.3960712018
4871.6459871581
5704.6608102802
315530705.9999995232
Case #33:
42549.9570551028
Case #34:
664402753.9999989271
758501388.9999986887
709894648.3559540510
709894648.3559540510
664402753.9999989271
758501388.9999986887
758501388.9999986887
664402753.9999989271
Case #35:
6.3245553203
6.3245553203
10.0000000000
91558.2820939756
91558.2820939756
6.3245553203
10.0000000000
Case #36:
27518772.4597233236
524364720.1176898479
27518772.4597233236
Case #37:
400883541.3098377585
496504069.0546421409
443704758.4859256148
Case #38:
8.0000000000
8.0000000000
8.0000000000
8.0000000000
Case #39:
543.8769920894
1356.3634447072
56961.9616059700
1041.8330155670
40.0446517402
94.9916890236
5.0000000000
Case #40:
217.9017748067
7036.6238181776
12430.4671789062
2087.5490694240
7036.6238181776
955.0148775309
Case #41:
6.0000000000
85418.1410767057
810695425.0000003576
4.0000000000
810695425.0000003576
4.0000000000
3078.8373113272
Case #42:
2711941.2528443532
80083467.0000000596
Case #43:
52410722.0442178175
4035275.6391888526
8495.6578069506
14264.3490075001
295969.1852608997
Case #44:
5614136.0881982585
157922.6547655321
3817666.6904825894
Case #45:
79314.6123737612
25399.1628995918
Case #46:
7.0000000000
Case #47:
5224.2180657287
Case #48:
56810.0000000000
56810.0000000000
56810.0000000000
56810.0000000000
56810.0000000000
56810.0000000000
56810.0000000000
56810.0000000000
56810.0000000000
Case #49:
490389771.9999992251
2824045.2805180680
28183851.0422647521
1222770.7040953871
6440010.4182645520
1454500.8359713976
41499333.5439013839
339838227.9999996424
6183968.2297554705
479897.5879933301
Case #50:
795511033.5729489326
2628.8049701469
3.1622776602
4.4814047466
Case #51:
875125508.5870490074
976543791.0000013113
875125508.5870490074
784239951.9999992847
875125508.5870490074
784239951.9999992847
Case #52:
3.7416573868
2.4494897428
3.0000000000
3.7416573868
2.0000000000
3.7416573868
2.4494897428
3.0000000000
7.0000000000
Case #53:
79477.0000000000
10771055.0000000075
157062.1071122137
925230.3163185915
4526.0000000000
79477.0000000000
157062.1071122137
925230.3163185915
10771055.0000000075
Case #54:
10.0000000000
10.0000000000
10.0000000000
10.0000000000
10.0000000000
10.0000000000
10.0000000000
10.0000000000
10.0000000000
10.0000000000
Case #55:
345714.9285717831
8103.0570924282
18981.8867343345
102935.7339679461
972.4607961250
23842.1699341327
24281.6331520372
8103.0570924282
181966.2244208910
32009.2654852244
Case #56:
13297.0000000000
5108245.5223016087
18651271.1129954085
833105883.0000005960
8725205.7619600035
7840009.5366970086
4934510.9231613465
Case #57:
519425397.9999991059
1502775.6420073849
7.7459666924
354.2006823425
1502775.6420073849
22644.1866855220
1418751.7158973489
576.1874694924
25667.1246329380
7.7459666924
Case #58:
1.0000000000
2.0000000000
Case #59:
99723.9999999999
18613.0000000000
34868.8741716735
43083.2080049756
49494.6791825891
34868.8741716735
34868.8741716735
43083.2080049756
34868.8741716735
Case #60:
4743182.5969905565
8.0000000000
2729.2038156416
496.9438164989
304892.0338178026
Case #61:
1.4142135624
2.4494897428
Case #62:
32.0000000000
32.0000000000
32.0000000000
32.0000000000
32.0000000000
32.0000000000
32.0000000000
32.0000000000
32.0000000000
Case #63:
1714412.0318492367
38896.1830665461
554.3955877069
12877.3960897658
333.6824838076
1833.3641253518
777.6974392000
489.9186870487
175.1319972880
447351053.7577244043
Case #64:
3.8729833462
2262.8540908315
Case #65:
250192375.1563951671
Case #66:
4.0000000000
4.0000000000
4.0000000000
Case #67:
899.4361496124
2522.1640613276
2873.1988872371
3268.1877521303
2873.1988872371
14943.4511167135
2115.3195978228
5738.0400738021
1340.0355127701
8811.8939067586
Case #68:
33432.6586092058
381323819.0000006557
23236.0000000000
33432.6586092058
Case #69:
356616.1768604255
Case #70:
524626.8822137658
1508959.1510049000
46526.4977180811
704435.3325896538
132127.5854265667
7501497.8302668044
885148.9269901220
7501497.8302668044
74989.3312011782
610989136.9999996424
Case #71:
139.7863407592
11795.6401733340
127.0043191951
23156.4663970995
1573.0773354350
127.0043191951
338230344.5283167362
8.0000000000
47203.7087068149
882115.5179030673
Case #72:
812229559.0000003576
1236434.1197778303
813724690.9999995232
1211808.7417445744
44736.6636663933
837613717.1212810278
6168718.2443002705
837613717.1212810278
Case #73:
59953.3312287940
Case #74:
3133.7100066331
324410.0525069121
34645.1958437123
34645.1958437123
2682.0297172015
21285.2328677574
194186.8863999332
5350.8906121750
2195849.7023539674
240714688.0000002086
Case #75:
326.3342844182
8.0000000000
6334.2106350182
317.6790833530
335.2252973748
167.6126486874
14047.0000000000
Case #76:
413184.7691204739
301151628.8050900698
857008222.1176584959
6458925.1707037883
Case #77:
7.0000000000
7.0000000000
7.0000000000
7.0000000000
7.0000000000
7.0000000000
7.0000000000
7.0000000000
Case #78:
28869.3643769022
Case #79:
1804.0515035205
4.0000000000
68035.7378143106
68035.7378143106
576.7841884102
38312.7567528102
Case #80:
834.4818751776
7.0000000000
834.4818751776
834.4818751776
Case #81:
2863.7752272365
2863.7752272365
1008503.7487609792
60329.3092534632
3.0000000000
5.9160797831
27199.6883805679
31953.4993656892
1.7320508076
366047.8839960097
Case #82:
448.7513495511
14344978.3525636680
10626.8736975391
56785.0000000000
10626.8736975391
392010.2471712186
44994.7951810114
43045.5352058639
63286.9362680316
5959434.0974320723
Case #83:
2211.0052676338
Case #84:
3937.8766247412
71339.8999578778
217.3660507071
1372.5004166983
1372.5004166983
Case #85:
317759.0178298228
39436.6208158790
366.0819580367
46965.6125615444
1607.4954343131
4761871.0469831061
90706.9999999999
3.0000000000
159129.5155329166
66642.1388689822
Case #86:
66127.4555234057
54940.0000000000
383083.7522802320
27070.0890282984
75866.0000000000
63173.7653819180
34825.5995500080
38780.9204268636
Case #87:
22167.0000000000
78093.5176567171
210.5564057444
31184.9964163834
351.7982376306
872965.7237088181
3000361.3927800395
82525.0000000000
36676.3130427932
26209.5186043192
Case #88:
496133638.6983782649
429090868.0000006557
352976.0306532483
821.2654445038
128526.1175486672
50206.0000000000
40262.0000000000
437764.3869022581
354353.0083810508
550046.1819234424
Case #89:
50577.1208841244
33643.3468967486
47357.8608891914
42877.7628774891
56547.7320071265
1121150.9155565519
243192.7785736317
15449.8223005170
15449.8223005170
30385.4585832009
Case #90:
1421987.9503003203
4017.6047199554
862171643.0000007153
8.0000000000
88149.0000000000
91958.9999999999
73295.0077576153
Case #91:
5307.4300187124
Case #92:
437888.2346265771
437888.2346265771
11661.6098374109
Case #93:
4.0000000000
91.4389292581
5.6568542495
5.6568542495
15.1793169643
2.0000000000
Case #94:
45.2265171159
101.5089171714
3286641.7378181061
31.1411124885
74710.9999999999
2.0000000000
71.0508573004
773.1729749376
114.0651170121
3286641.7378181061
Case #95:
2.0000000000
Case #96:
7926.8733481251
395.4974265561
2321.3819333838
3883.9352956779
451.6082373031
39988.0000000000
505.4538274934
7926.8733481251
Case #97:
508363823.9976558089
561167697.9609451294
Case #98:
47657.2078842254
1128431.4003311337
33301.0000000000
442076041.9999998808
Case #99:
172067.6218633963
35231.0000000000
3.1622776602
82.8854631404
35231.0000000000
623.1997003195
687.0000000000
623.1997003195
25491.4159440174
2023.8892393315
Case #100:
40291.8208998839
22.8510343224
31.9223250638
51709.9629085150
352.1244728422
3291.7100143352
608.6103523928
42490.9220422433
5558.5081149125
645.4273736375
