Case #1: 
nan
0.0000000000
0.0000000000
0.0000000000
0.0000000000
0.0000000000
0.0000000000
0.0000000000
0.0000000000
nan
0.0000000000
0.0000000000
37.6774659859
0.0000000000
0.0000000000
0.0000000000
nan
0.0000000000
nan
nan
0.0000000000
0.0000000000
2.0145619387
2.1680278114
0.0000000000
5.9128865213
2.5383721573
nan
nan
0.0000000000
0.0000000000
nan
nan
nan
nan
nan
nan
0.0000000000
2.2309765110

Case #2: 
831805.0000000000
1289.8100635365
1289.8100635365
1289.8100635365
1289.8100635365
2.0000000000
1289.8100635365
1289.8100635365
831805.0000000000
2.0000000000
831805.0000000000
1289.8100635365
2.0000000000
1289.8100635365
831805.0000000000
1289.8100635365
2.0000000000
2.0000000000
831805.0000000000
831805.0000000000
1289.8100635365
2.0000000000
2.0000000000
1289.8100635365
1289.8100635365
2.0000000000
1289.8100635365
1289.8100635365
1289.8100635365
1289.8100635365
1289.8100635365
1289.8100635365
1289.8100635365
831805.0000000000
1289.8100635365
2.0000000000
1289.8100635365
1289.8100635365
2.0000000000
1289.8100635365
1289.8100635365
1289.8100635365
2.0000000000
831805.0000000000
1289.8100635365
1289.8100635365
1289.8100635365
831805.0000000000
1289.8100635365
2.0000000000
2.0000000000
1289.8100635365
831805.0000000000
1289.8100635365
1289.8100635365
831805.0000000000
831805.0000000000
2.0000000000
1289.8100635365
1289.8100635365
1289.8100635365
1289.8100635365
831805.0000000000
1289.8100635365
1289.8100635365
2.0000000000
831805.0000000000
1289.8100635365
1289.8100635365
1289.8100635365
1289.8100635365
1289.8100635365
1289.8100635365
1289.8100635365
1289.8100635365
1289.8100635365
1289.8100635365
2.0000000000
1289.8100635365
2.0000000000
1289.8100635365
831805.0000000000
2.0000000000
831805.0000000000
2.0000000000
831805.0000000000
1289.8100635365
2.0000000000
1289.8100635365
2.0000000000
1289.8100635365

Case #3: 
27.9091936925
2.7316245889
nan
4.7404082301
nan
15.9896906689
nan
3.7956857550
nan
48.6557102910
nan
21.1842563803
nan
nan
4.7404082301
9535601.4606207199
nan
nan
nan
nan
nan
24427.5952561852
nan
9.9320815983
7.0515877449
nan
10.1289792214
nan
nan
352.1223906830
304.1970493589
4.0309972604
nan
3.1286719164
197.7134134717

Case #4: 
nan
nan
nan
4.0844600912
nan
2.4813486589
1.9165968613
4.0751112363
nan
nan
6.6658693557
572776847.3064943552
2.8685554180
nan

Case #5: 
483.8214368955
nan
nan
nan
50094.7562394823
4.8755101049
3.1142671083
37.6127400610
5.1566558195
nan
nan
nan
nan
nan
72.3813302244
nan
2.6667889409
nan
nan
3.6083369221
nan
900694.0684798614
231.3394126316
nan
2.6647850530
4.2586619173
nan
111.5987188254
nan
3.4428188772
126.4641789291
52.2140016527
4.4067841820
2.4525171959
82191.6266234290
nan
7.1618404666
nan
2.5475427974
nan
23664.7322190639
nan
108.2840795862
nan
2.2731648626
nan
nan
nan
6.2917793458
nan
nan
nan
2.4815888948
nan
12.0347693546
209.4176991329
nan
4.2092383736
nan
17.6889400908
11539.0000000000
nan
2.5379445808
nan
15.1661550264
nan
3.3512432404
12.8133708686
nan

Case #6: 
0.0000000000
0.0000000000
0.0000000000
0.0000000000
0.0000000000
0.0000000000
0.0000000000
0.0000000000
0.0000000000
0.0000000000
0.0000000000
0.0000000000
0.0000000000
nan
0.0000000000
0.0000000000
0.0000000000
0.0000000000
0.0000000000
2878.3457261622
0.0000000000
0.0000000000
0.0000000000
0.0000000000
0.0000000000
nan
0.0000000000
0.0000000000
0.0000000000
0.0000000000
0.0000000000
0.0000000000
nan
0.0000000000
nan
0.0000000000
1.7011662063
0.0000000000
0.0000000000
0.0000000000
0.0000000000
0.0000000000
0.0000000000
0.0000000000
0.0000000000
0.0000000000
nan
3.7371636094
nan
0.0000000000
0.0000000000
0.0000000000
0.0000000000
0.0000000000
0.0000000000
0.0000000000
0.0000000000
0.0000000000
0.0000000000
0.0000000000
0.0000000000
0.0000000000
nan
0.0000000000
0.0000000000
0.0000000000
0.0000000000
0.0000000000
0.0000000000
0.0000000000
3.8382315362
0.0000000000
1.8515372770
4.8284867256
0.0000000000
0.0000000000
0.0000000000
0.0000000000
0.0000000000
0.0000000000
0.0000000000
0.0000000000
0.0000000000
nan
0.0000000000
0.0000000000
0.0000000000
0.0000000000
0.0000000000
8.7938107027
0.0000000000
0.0000000000
0.0000000000
0.0000000000
0.0000000000
0.0000000000
nan
0.0000000000
0.0000000000
0.0000000000

Case #7: 
0.0000000000
0.0000000000
0.0000000000
0.0000000000
0.0000000000
0.0000000000
0.0000000000
0.0000000000
9.7184084870
0.0000000000
0.0000000000
0.0000000000
0.0000000000
0.0000000000
0.0000000000
0.0000000000
0.0000000000
0.0000000000
5.7090052591
0.0000000000
0.0000000000
0.0000000000
0.0000000000
0.0000000000
0.0000000000
0.0000000000
2.1731325513
0.0000000000
0.0000000000
0.0000000000
0.0000000000
0.0000000000
0.0000000000
0.0000000000
0.0000000000
0.0000000000
0.0000000000
0.0000000000
0.0000000000
0.0000000000
0.0000000000
0.0000000000
0.0000000000
0.0000000000
0.0000000000
0.0000000000
0.0000000000
0.0000000000
0.0000000000
0.0000000000
0.0000000000
0.0000000000
0.0000000000
0.0000000000
0.0000000000
0.0000000000
0.0000000000
nan
0.0000000000
0.0000000000
0.0000000000
0.0000000000
0.0000000000
0.0000000000
0.0000000000
0.0000000000
0.0000000000
0.0000000000
0.0000000000
0.0000000000
0.0000000000
0.0000000000
0.0000000000
3322626.4433930879
0.0000000000
0.0000000000
0.0000000000
0.0000000000
0.0000000000
nan
0.0000000000
0.0000000000
0.0000000000
0.0000000000
0.0000000000
nan
nan
0.0000000000
0.0000000000
0.0000000000
0.0000000000
0.0000000000
0.0000000000
0.0000000000
0.0000000000
0.0000000000
0.0000000000
0.0000000000
0.0000000000
0.0000000000

Case #8: 
62.6367549074
nan
nan

Case #9: 
5724246.6753276801
181.0165738268
1.0000000000

Case #10: 
3479.0323783748
nan
5.4328559362
nan
nan
217.6062478473
nan
514.5629213226
nan
nan
30.2158082993
7.2635056931
nan
339.7881693055
13.5857291021
5.0000000000
nan
51.3200543513
8.8732544065
nan
nan
231.8726985055
352.2691701574
nan
1386.2886964397
927.6162999862
530.9396803793
nan
3.3451530290

Case #11: 
0.0000000000
0.0000000000
nan
0.0000000000
0.0000000000
nan
0.0000000000
0.0000000000
0.0000000000
0.0000000000
3.5516185779
0.0000000000
0.0000000000
0.0000000000
0.0000000000
0.0000000000
0.0000000000
0.0000000000
0.0000000000
0.0000000000
0.0000000000
nan
0.0000000000
0.0000000000
0.0000000000
0.0000000000
0.0000000000
0.0000000000
0.0000000000
0.0000000000
2.4044162517
0.0000000000
0.0000000000
0.0000000000
0.0000000000
0.0000000000
nan
0.0000000000
0.0000000000
0.0000000000
0.0000000000
0.0000000000
0.0000000000
0.0000000000
0.0000000000
0.0000000000
0.0000000000
0.0000000000
0.0000000000
0.0000000000
0.0000000000
0.0000000000
0.0000000000
0.0000000000
0.0000000000
0.0000000000
0.0000000000
0.0000000000
0.0000000000
0.0000000000
0.0000000000
0.0000000000
0.0000000000
0.0000000000
0.0000000000
0.0000000000
0.0000000000
0.0000000000
0.0000000000
0.0000000000
0.0000000000
0.0000000000
nan
0.0000000000
0.0000000000
0.0000000000
976.5236388605
0.0000000000
0.0000000000
0.0000000000
0.0000000000
0.0000000000
0.0000000000
0.0000000000
0.0000000000
3.6221620291
0.0000000000
0.0000000000
nan
0.0000000000
0.0000000000
0.0000000000
1.8317713572
0.0000000000
0.0000000000
0.0000000000
0.0000000000
0.0000000000
nan
1.9370298064

Case #12: 
5.6711798893
2.3376676803
3.3350755658
nan
1.9520967732
nan
nan
9.6603078326
2.8443103549
nan
nan
nan
nan
nan
8.8298598038
nan
nan
50.0322429046
nan
nan
nan
nan
nan
nan
5.0703720641
2.4783682609
nan
nan
3.1350833778
nan
nan
2.4127601799
nan
nan
1.9024189855
4.2385002906
2.4448958229
1.9039892151
nan
6.6637805486
12.7771398684
6.6786894343
4.4194249034
2.8694631843
nan
nan
2.5427336473
nan
1104.5697294963
nan
nan
14.4430027190
8.7151414373
7.3773724587
nan
nan
nan
nan
1.8648956196
7.0000000000
nan
nan
nan

Case #13: 
nan
nan
nan
1.6643279725
7.3243715526
2.0378037476
1.7866027269
4.6105083807
0.0000000000
nan
37.5712207360
184.9440003281
2.3400875003
247.3974416404
5.1698963394
9.6959546838
6.5678225175
nan
1318.5792170349
nan
nan
nan
1.9233615185
nan
nan
nan
9.7852928012
nan
0.0000000000
nan
2.0591576117
nan
7.2770578584
nan
26.8391047017
nan
449.5900835484
nan
575646.1119038328
228.4528979432
nan
6.3837357472
nan
1641153.6769924650
nan
nan
nan
nan
nan
nan
nan
nan
5.0578570266
0.0000000000
nan
nan
2.2952691099
nan
nan
nan
nan
nan
4.9950488859
nan
nan
nan
nan
22.3179056105
2.8039897013
14.4762475827
2.6878562118

Case #14: 
nan
3.8557282011
0.0000000000
0.0000000000
nan
0.0000000000
0.0000000000
0.0000000000
0.0000000000
0.0000000000
0.0000000000
nan
0.0000000000
13.2331992293
6.1564429043
2.9940289351

Case #15: 
0.0000000000
2.2241156469
0.0000000000
nan
0.0000000000
nan
228.1473226010
4.0306394758
0.0000000000
nan
191.1137540447
0.0000000000
0.0000000000
nan
37.9769487512
nan
0.0000000000
0.0000000000
nan
2.4829859704
2.6821387976
0.0000000000
nan
nan
0.0000000000
0.0000000000
nan
1650.6455841303
0.0000000000
0.0000000000
nan
0.0000000000
6.7975168733
107.6709632708
2.3392576485
0.0000000000
0.0000000000
7.9130499622
0.0000000000
0.0000000000
0.0000000000
5.0128067137
nan
0.0000000000
0.0000000000
nan
2.3213464870
0.0000000000
2.5457385336
2.2892515174
4.9257962976
0.0000000000
nan
nan
0.0000000000
nan
0.0000000000
nan
nan
nan
nan
nan
11.1222942637
0.0000000000
nan
nan
nan
1.7906136213
0.0000000000
0.0000000000
20.6226728733
0.0000000000
nan
3.3378189233
0.0000000000
nan
0.0000000000

Case #16: 
10.0344403737
nan
nan
198.2879131794
3414032.6611196911
nan
nan
3.0112445829
nan
nan
4.4867771227
nan
75.7900970686
5042.1146223077
nan
6.3907703074
nan
nan
350572202.0000000000
3.3811103809
76127.0533384814
nan
0.0000000000
nan
nan
12.9020337671
10.6673549864
7.0640095789
nan
802265.7123734701
139137997.1865875125
10.6984870166
nan
2.5721549496
nan
nan
nan
nan
nan
12.7817533192
6.4431356138
nan
20.2088518871
nan
3.7867548496
nan
nan
nan
8.6764229818
nan
nan
226.4726526556
nan
nan
nan
372.2257428465
nan
1307844.2744068275
3.5428515417
6.3907703074
nan
nan
15.0029782284
nan
nan
6.0803741610
nan
8064.0000000000
8.4314447016
77.9919174344
nan
32534.0096213989
nan
5.2083555529
28.0954617982
3.9019322272
nan
nan
51732.4855150989
nan
nan
3.2135225223
nan
2.4899680927
8.7911737708
92197.0000000000
78036.4786494111
16.6922149516
nan
2.9621068445
nan
3.0003124626
nan
nan
2.8192365301

Case #17: 
4.8726888018
179.6296759815
2.8290296416
2.0681839133
nan
nan
1265.5947369932
10.7592336072
0.0000000000
1.8683866737
nan
nan
2.3888499829
54583.9997388043
15.8938496089
nan
nan
2.0640928014
2.8951001890
28.3957455733
nan
nan
nan
567329273.7785904408
nan
0.0000000000
nan
nan
nan
nan
2.7486177575
3.6977354720
nan
3.9836151047
nan
nan
0.0000000000
nan
0.0000000000
0.0000000000
3.5880064547
28.5974833874
4.6565906110
0.0000000000
15.2988340910
2.5200414501
6.1394686666
0.0000000000

Case #18: 
127.0596943449
nan
nan
nan
1459518.5355256253
78.6489424689
nan
712091.8006028752
nan
nan
nan
nan
nan
108.4339573811
2592.1749734211
nan
nan
444.3427746343
nan
25.0125264383
487.9769607265
45.4816765415
127.9952714221
50.5244122817
4405.9402775975
nan
6.6684804194
16.9682570490
18.1548213324
nan
nan
nan
486.5443710606
14.3101565809
nan
nan
461.3450530382
nan
2521.2712762304
1912648.1446120716
107.4509168391
37.2699557448
nan
405.6761507752
234.7516414829
nan
49.7507943525
49.6078423468
7.7032639366
5.0076949619

Case #19: 
nan
27.3787532134
1209.1555986747
11.1046345390
109.9522560484
1294.1742246988
nan
nan
4.4142310605
0.0000000000
27.2490782119
nan
nan
0.0000000000
6.4160670761
18.2992900236
0.0000000000
0.0000000000
4.4486033396
0.0000000000
0.0000000000
215.8561730510
0.0000000000
nan
nan
2.7484396811
9.9218584181
0.0000000000
nan
0.0000000000
0.0000000000
2.5315421406
0.0000000000
nan
0.0000000000
4.7116031219
1.7602611410
1.9979522071
2.5760579982
1.9491506176
0.0000000000
nan
0.0000000000
153.2848430940
nan
0.0000000000
8.1736414848
0.0000000000
0.0000000000
nan
nan
478.0259354916
nan
nan
0.0000000000
7.7463177248
0.0000000000
4.1748858953

Case #20: 
0.0000000000
3.7906009786
41590.9408165227
3.4274456404
3.2534580170
nan

Case #21: 
nan
0.0000000000
nan
nan
0.0000000000
nan
0.0000000000
2.7562454499
0.0000000000
2.3773981484
0.0000000000
6.1518142382
3.6461324258
1.9897773645
8.4759723211
1297.0587948593
5.0400642999
0.0000000000
nan
616948.6312547711
nan
2.4297633802
nan
2.1259137850
3.1401417425
nan
2.3100650551
nan
0.0000000000
nan
12.3595943951
0.0000000000
441884855.4768546224
nan
4.0239305594
0.0000000000
nan
756.2873645888
nan
4.8540997809
nan
0.0000000000
0.0000000000
0.0000000000
nan
58.8633051805
nan
nan
nan
2.3660405513
nan
nan
1037.7613822801
nan
12.3962252719
2.3445696088
1.7228655578
nan
7737.5728527222
22.1638790207
0.0000000000
0.0000000000
nan
nan

Case #22: 
0.0000000000
0.0000000000
0.0000000000
0.0000000000
0.0000000000
0.0000000000
0.0000000000
0.0000000000
0.0000000000
0.0000000000
0.0000000000
0.0000000000
0.0000000000
0.0000000000
0.0000000000
0.0000000000
0.0000000000
0.0000000000
2.4220588273
0.0000000000
0.0000000000
0.0000000000
0.0000000000
0.0000000000
0.0000000000
0.0000000000
0.0000000000
0.0000000000
0.0000000000
0.0000000000
0.0000000000
0.0000000000
0.0000000000
0.0000000000
0.0000000000
0.0000000000
0.0000000000
0.0000000000
0.0000000000
0.0000000000
0.0000000000
0.0000000000
0.0000000000
0.0000000000
0.0000000000
0.0000000000
0.0000000000
0.0000000000
0.0000000000
0.0000000000
0.0000000000
0.0000000000
0.0000000000
0.0000000000
nan
0.0000000000
0.0000000000
0.0000000000
0.0000000000
0.0000000000
0.0000000000
0.0000000000
0.0000000000
0.0000000000
nan
nan
0.0000000000
0.0000000000
0.0000000000
0.0000000000
0.0000000000
0.0000000000
0.0000000000
0.0000000000
0.0000000000
0.0000000000
0.0000000000
0.0000000000
0.0000000000
0.0000000000
0.0000000000
0.0000000000
2.7541979904
0.0000000000
0.0000000000
0.0000000000
0.0000000000
0.0000000000
0.0000000000
0.0000000000
0.0000000000
nan
0.0000000000
nan
0.0000000000
0.0000000000
3.7245256324
0.0000000000
nan
0.0000000000

Case #23: 
0.0000000000
0.0000000000
0.0000000000
0.0000000000
0.0000000000
0.0000000000
0.0000000000
0.0000000000
0.0000000000
0.0000000000
0.0000000000
0.0000000000
0.0000000000
0.0000000000
0.0000000000
0.0000000000
0.0000000000
0.0000000000
76.5949888919
0.0000000000
0.0000000000
0.0000000000
0.0000000000
0.0000000000
0.0000000000
0.0000000000
0.0000000000
0.0000000000
0.0000000000
0.0000000000
0.0000000000
0.0000000000
0.0000000000
0.0000000000
0.0000000000
0.0000000000
nan
0.0000000000
0.0000000000
1.0000000000
0.0000000000
0.0000000000
0.0000000000
0.0000000000
0.0000000000
0.0000000000
0.0000000000
0.0000000000
1826.4889381592
0.0000000000
0.0000000000
0.0000000000
0.0000000000
0.0000000000
2.0188204960
0.0000000000
0.0000000000
0.0000000000
0.0000000000
0.0000000000
0.0000000000
0.0000000000
0.0000000000
0.0000000000
0.0000000000
0.0000000000
0.0000000000
0.0000000000
0.0000000000
0.0000000000
0.0000000000
0.0000000000
0.0000000000
0.0000000000
0.0000000000
0.0000000000
7.1622364323
0.0000000000
nan
0.0000000000
0.0000000000
0.0000000000
0.0000000000
0.0000000000
0.0000000000
6.0383758433
0.0000000000
0.0000000000
0.0000000000
0.0000000000
0.0000000000
0.0000000000
0.0000000000
0.0000000000
0.0000000000
0.0000000000
0.0000000000
0.0000000000
36.5304562429
0.0000000000

Case #24: 
17.1390902690
0.0000000000
6.1006469204
nan
nan
nan
nan
1328.1748650380
20116.3208313471
nan
0.0000000000
nan
nan
nan
2.2637001492
5.1965801558
3.1711141514
3.6062320257
nan
51.8837257430
0.0000000000
nan
2.8010953455
112.4825399248
nan
49.2819554023
0.0000000000
4.8395487087
2.4148727355
4.9678929969
7.6726114011
12.4637711767
nan
nan
nan
2.3811425432
nan

Case #25: 
0.0000000000
0.0000000000
0.0000000000
0.0000000000
0.0000000000
0.0000000000
0.0000000000
0.0000000000
0.0000000000
0.0000000000
0.0000000000
0.0000000000
0.0000000000
0.0000000000
0.0000000000
0.0000000000
0.0000000000
0.0000000000
0.0000000000
0.0000000000
0.0000000000
nan
0.0000000000
3.9779884924
0.0000000000
0.0000000000
0.0000000000
0.0000000000
0.0000000000
0.0000000000
nan
0.0000000000
0.0000000000
0.0000000000
3.5369221520
nan
0.0000000000
0.0000000000
0.0000000000
0.0000000000
nan
0.0000000000
0.0000000000
0.0000000000
0.0000000000
0.0000000000
0.0000000000
0.0000000000
0.0000000000
0.0000000000
2.8123747721
0.0000000000
0.0000000000
5.3448183516
0.0000000000
0.0000000000
0.0000000000
0.0000000000
0.0000000000
0.0000000000
0.0000000000
0.0000000000
0.0000000000
0.0000000000
0.0000000000
0.0000000000
0.0000000000
0.0000000000
nan
0.0000000000
0.0000000000
0.0000000000
0.0000000000
0.0000000000
41.9685198751
0.0000000000
0.0000000000
0.0000000000
0.0000000000
0.0000000000
nan
0.0000000000
0.0000000000
0.0000000000
nan
0.0000000000
0.0000000000
0.0000000000
0.0000000000
0.0000000000
0.0000000000
0.0000000000
0.0000000000
0.0000000000
0.0000000000
0.0000000000
26.6696801542
0.0000000000
0.0000000000
0.0000000000

Case #26: 
24.8260472532
0.0000000000
15.6361087875
2.5015170135
nan
nan
0.0000000000
0.0000000000
37.6769094767
0.0000000000
nan
6.1658018324
5.2625182194
0.0000000000
0.0000000000
41565.1278571975
nan
0.0000000000
nan
5635749.9295195844
2.6612804878
4.1166295761
nan
0.0000000000
nan
nan
nan
nan
0.0000000000
0.0000000000
0.0000000000
0.0000000000
1.9760735059
2.5205874751
nan
0.0000000000
4.0000000000
0.0000000000
1.8422621201
0.0000000000
0.0000000000
nan
nan
nan
111.1093114114
0.0000000000
0.0000000000
2.0690565609
nan
0.0000000000
0.0000000000
0.0000000000
2.1990288783
0.0000000000
6.1686942363
2.8366616644
nan
20.6345274851
0.0000000000
0.0000000000
3.7103068374
nan
nan
nan
2.2096006941
nan
nan
0.0000000000
nan
nan
nan
10.6987869582
nan
11.1410976299
nan
4.4190958340
0.0000000000
0.0000000000
nan
nan
0.0000000000
2.2551138409
2.0134071680
363855648.0000000000
1104.1458756013
3.4745068544
0.0000000000
2.0202111347
5.2242227664
22.1938460876
0.0000000000
nan
0.0000000000
3.3355705570
0.0000000000

Case #27: 
236690281.6539517343
112.8622755597
2.6962174463
nan
3726255.7478144197
2.7932272495
5.9394605821
12.8298439568
nan
942895.8352289819
78.0869600009
76.0042161455
nan
nan

Case #28: 
nan
nan

Case #29: 
26.6051621903
nan
121.9344350673
5101.7224486026
2.5029534859
nan
nan
nan
nan
nan
21953.6427302652
nan
nan
nan
nan
nan
nan
3.1310233893
nan
65614.4253096073
nan
nan
nan
4.1967647585
nan
2.1180713932
nan
3.0696689481
3.3990659702
nan
2.0787328613
nan
nan
121.8568326132
8.8664752785
0.0000000000
476.8143339004
4966.6058158240
nan
2.0594330787
9.5897493178
nan
4.1755286049
nan
1.8244885612
3.8068444484
123.4383774544
1.7735827783
7.7078550013

Case #30: 
0.0000000000
0.0000000000
0.0000000000
0.0000000000
0.0000000000
0.0000000000
0.0000000000
0.0000000000
0.0000000000
0.0000000000
2.6883419595
0.0000000000
0.0000000000
0.0000000000
0.0000000000
0.0000000000
0.0000000000
0.0000000000
0.0000000000
0.0000000000
0.0000000000
nan
0.0000000000
0.0000000000
0.0000000000
0.0000000000
0.0000000000
0.0000000000
220.4099149563
0.0000000000
0.0000000000
0.0000000000
0.0000000000
0.0000000000
0.0000000000
0.0000000000
0.0000000000
0.0000000000
0.0000000000
0.0000000000
0.0000000000
0.0000000000
0.0000000000
0.0000000000
0.0000000000
0.0000000000
0.0000000000
0.0000000000
0.0000000000
0.0000000000
0.0000000000
nan
0.0000000000
0.0000000000
24.4632610586
0.0000000000
0.0000000000
0.0000000000
0.0000000000
0.0000000000
0.0000000000
4938.7093616851
0.0000000000
0.0000000000
4.7434365578
0.0000000000
0.0000000000
0.0000000000
0.0000000000
0.0000000000
0.0000000000
0.0000000000
0.0000000000
0.0000000000
0.0000000000
0.0000000000
0.0000000000
44204.5486802260
0.0000000000
0.0000000000
0.0000000000
0.0000000000
0.0000000000
9.0359880853
0.0000000000
0.0000000000
0.0000000000
0.0000000000
0.0000000000
0.0000000000
0.0000000000
0.0000000000
0.0000000000
nan
0.0000000000
0.0000000000
0.0000000000
0.0000000000
0.0000000000
0.0000000000

Case #31: 
52829.4708472846
0.0000000000
nan
nan
0.0000000000
nan
nan
0.0000000000
3.8709056475
16.6370432800
nan
3.5439705896
nan
2.0363706779
0.0000000000
nan
50398.0000000000
nan
nan
nan
nan
3.1488506530
nan
2.1008240659
1.8164367254
0.0000000000
0.0000000000
0.0000000000
73.1467522518
2.0391468201
4.2574452018
0.0000000000
11.1946061683
0.0000000000
nan
nan
0.0000000000
nan
0.0000000000
78.0963449133
9.7588787227
nan
0.0000000000
431.2260002630
2.0254540699
1144.1873451563
2.4728861224
5.6326538298
2.2884828034
0.0000000000
1.6755873839
nan
nan
nan
0.0000000000
0.0000000000
0.0000000000
0.0000000000
0.0000000000
0.0000000000
0.0000000000
2.0895989268
2.3105187545
nan
nan
376.8953266778
0.0000000000
nan
0.0000000000
nan
nan
nan
0.0000000000
0.0000000000
0.0000000000
0.0000000000
0.0000000000
nan
0.0000000000
12.6812111423
15.2625101415
0.0000000000
125.3787491639
nan

Case #32: 
35637.0190056401
3.9623490348
nan
nan
nan
0.0000000000
0.0000000000
0.0000000000
0.0000000000
nan
nan
0.0000000000
nan
nan
0.0000000000
1331595.0474231266
0.0000000000
nan
2.5962230844
0.0000000000
0.0000000000
nan
0.0000000000
0.0000000000
0.0000000000
nan
0.0000000000
nan
nan

Case #33: 
108.1060403117
19.7438040482
nan
0.0000000000
nan
nan
34.6347212545
2.5287851718
3.1346327715
nan
9.5175130362
nan
nan
nan
9.5112223924
23757.8724376254
nan
5.1078857297
0.0000000000
12.8761793989
nan
7.9334323681
2.4803783821
nan
nan
2876.0845294403
nan
nan
nan
0.0000000000
2.4799625783
nan
0.0000000000
52.3195442534
202.3669837557
404.0606927563
44512.5011507790
483.8615487456
nan
0.0000000000
4.6273892280
210.2104611396
nan

Case #34: 
0.0000000000
0.0000000000
0.0000000000
0.0000000000
0.0000000000
0.0000000000
0.0000000000
0.0000000000
0.0000000000
0.0000000000
0.0000000000
0.0000000000
0.0000000000
0.0000000000
0.0000000000
0.0000000000
0.0000000000
0.0000000000
0.0000000000
0.0000000000
0.0000000000
0.0000000000
0.0000000000
nan
0.0000000000
0.0000000000
0.0000000000
0.0000000000
0.0000000000
0.0000000000
0.0000000000
0.0000000000
0.0000000000
0.0000000000
0.0000000000
0.0000000000
0.0000000000
0.0000000000
0.0000000000
nan
0.0000000000
0.0000000000
0.0000000000
0.0000000000
nan
0.0000000000
0.0000000000
0.0000000000
0.0000000000
0.0000000000
0.0000000000
0.0000000000
0.0000000000
3.1717307508
4.8237493310
1.9152041419
0.0000000000
0.0000000000
0.0000000000
0.0000000000
13.7801120905
0.0000000000
0.0000000000
0.0000000000
0.0000000000
0.0000000000
0.0000000000
0.0000000000
0.0000000000
0.0000000000
0.0000000000
0.0000000000
0.0000000000
0.0000000000
0.0000000000
0.0000000000
0.0000000000
0.0000000000
0.0000000000
0.0000000000
0.0000000000
0.0000000000
0.0000000000
0.0000000000
0.0000000000
0.0000000000
0.0000000000
0.0000000000
0.0000000000
0.0000000000
nan
0.0000000000
0.0000000000
0.0000000000
2.4462503947
nan
0.0000000000
0.0000000000
nan
0.0000000000

Case #35: 
0.0000000000
0.0000000000
32.8980611665
0.0000000000
nan
2.3280004925
0.0000000000
0.0000000000
0.0000000000
nan
nan
50.9231843171
nan
0.0000000000
2.6558438749
nan
7.9730890143
0.0000000000
0.0000000000
1326.0889855021
470.2030479448
8.6157015478
2.1503787746
nan
0.0000000000
nan
215.1691361061
nan
4.2451628879
0.0000000000
15985.7593767175
0.0000000000
0.0000000000
0.0000000000
3.8130488627
1.8620507860
7.9803791006
nan
0.0000000000
0.0000000000
0.0000000000
682.3928487316
2.3279884914
nan
95.3729521405
0.0000000000
1.8813453549
3.1844498887
0.0000000000
4.7225348075
0.0000000000
0.0000000000
2.1544687736
nan
nan
4.2241583241
0.0000000000
0.0000000000
0.0000000000
3.1949409937
nan
0.0000000000
nan
3.3362686142
nan
0.0000000000
0.0000000000
7.5797488483
1.9882343957
22.5908627422
252.8349172549
3.8627037039
3082.0221803634
2.3032208643
0.0000000000
2.1018952573
0.0000000000
nan
nan
nan
2.4188730392
nan
16.2298699941
3.0847905451
nan
0.0000000000
3.3003381028
10.1062357955
2.4269023925
nan
nan
0.0000000000
0.0000000000

Case #36: 
nan
4.0000000000
nan
1059782.3219006832
921.5910155812
nan
6056.9499344228
nan
nan
7.0679437612
119.9461276694
nan
nan
nan
5945.7551048446
nan
nan
913333229.0000000000
nan
22.4449211597
nan
5762.3104662486
43332.9092814691
nan
nan
9.8612668462
nan
nan
nan
1408.0783638387
505.9364721652
nan
75880.0000000000
490.3997806124
nan
1292.0304828914
219.6379584822
4270.2575685587
nan
100.8685005190
26.3183965578
nan
219.6379584822
617.8884391219
3609362.4334638384
nan
6.6156535816
nan
17.9704889666
416.8344995319
3.0000000000
nan
165.7979655238
18.0066596127
nan
349839728.0000000000
1.0000000000
nan
5.6565893880
nan
nan
nan
125.8632133098
nan

Case #37: 
nan
nan
0.0000000000
2.4827981407
nan
0.0000000000
0.0000000000
0.0000000000
nan
2.7124960773
2.5122568688
0.0000000000
4.7229006058
222.9990913321
0.0000000000
0.0000000000
203.5235046964
nan
3.4625773647
nan
1.8116801270
0.0000000000
26.5048499303
nan
nan
0.0000000000
2.1731728131
2.7160060940
nan
nan
2.2819477881
0.0000000000
0.0000000000
0.0000000000
nan
3.0424742827
0.0000000000
nan
3.1901483588
nan
1345850.1615635017
4.9362078289
nan
0.0000000000
nan
0.0000000000
nan
0.0000000000
0.0000000000
10.2908214829
nan
0.0000000000
54444.1308632379
0.0000000000
2.3449482122
0.0000000000
nan
nan
1.7228655578
nan
64.1035158179
2.0008359195
nan
0.0000000000
0.0000000000
0.0000000000
0.0000000000
2.5103689723
2.7447000037
nan

Case #38: 
nan
nan
0.0000000000
0.0000000000
0.0000000000
0.0000000000
0.0000000000
0.0000000000
0.0000000000
0.0000000000
0.0000000000
0.0000000000
0.0000000000
0.0000000000
nan
0.0000000000
0.0000000000
0.0000000000
nan
0.0000000000
0.0000000000
3.9365574827
0.0000000000
2.0659221884
0.0000000000
0.0000000000
0.0000000000
0.0000000000
0.0000000000
0.0000000000
0.0000000000
0.0000000000
0.0000000000
0.0000000000
0.0000000000
3.3649123591
0.0000000000
0.0000000000
0.0000000000
0.0000000000
0.0000000000
0.0000000000
2.2593431748
0.0000000000
0.0000000000
0.0000000000
0.0000000000
0.0000000000
0.0000000000
0.0000000000
0.0000000000
0.0000000000
0.0000000000
0.0000000000
0.0000000000
0.0000000000
2.0789204644
0.0000000000
0.0000000000
2.6977796808
0.0000000000
0.0000000000
0.0000000000
0.0000000000
0.0000000000
0.0000000000
0.0000000000
0.0000000000
0.0000000000
0.0000000000
0.0000000000
0.0000000000
0.0000000000
nan
0.0000000000
0.0000000000
0.0000000000
0.0000000000
0.0000000000
0.0000000000
0.0000000000
0.0000000000
0.0000000000
0.0000000000
0.0000000000
0.0000000000
0.0000000000
3.7711763927
0.0000000000
0.0000000000
0.0000000000
0.0000000000
0.0000000000
0.0000000000
0.0000000000
0.0000000000
0.0000000000
0.0000000000
0.0000000000
0.0000000000

Case #39: 
0.0000000000
0.0000000000
nan
0.0000000000
0.0000000000
2360136.7731576492
0.0000000000
11.3060324925
0.0000000000
0.0000000000
0.0000000000
0.0000000000
0.0000000000
0.0000000000
0.0000000000
0.0000000000
0.0000000000
0.0000000000
0.0000000000
0.0000000000
8.2342892749
0.0000000000
0.0000000000
0.0000000000
0.0000000000
0.0000000000
0.0000000000
0.0000000000
0.0000000000
0.0000000000
0.0000000000
0.0000000000
0.0000000000
0.0000000000
0.0000000000
0.0000000000
0.0000000000
0.0000000000
0.0000000000
0.0000000000
0.0000000000
0.0000000000
0.0000000000
0.0000000000
0.0000000000
0.0000000000
0.0000000000
0.0000000000
0.0000000000
0.0000000000
0.0000000000
0.0000000000
0.0000000000
0.0000000000
0.0000000000
0.0000000000
0.0000000000
0.0000000000
0.0000000000
0.0000000000
0.0000000000
0.0000000000
0.0000000000
0.0000000000
0.0000000000
0.0000000000
0.0000000000
0.0000000000
0.0000000000
0.0000000000
0.0000000000
0.0000000000
0.0000000000
0.0000000000
0.0000000000
0.0000000000
0.0000000000
0.0000000000
0.0000000000
nan
0.0000000000
nan
nan
nan
0.0000000000
0.0000000000
0.0000000000
0.0000000000
0.0000000000
0.0000000000
0.0000000000
0.0000000000
0.0000000000
0.0000000000
nan
0.0000000000
0.0000000000
0.0000000000
0.0000000000
0.0000000000

Case #40: 
400883541.3098376393
496504069.0546423197
nan

Case #41: 
0.0000000000
nan
0.0000000000
0.0000000000
nan
nan
1181109.2535881232
0.0000000000
0.0000000000
4.0735230870
nan
608.2104898799
2.0924539273
0.0000000000
0.0000000000
0.0000000000
2.1791569223
1.9571441242
nan
nan
50.4138288288
nan
nan
nan
0.0000000000
0.0000000000
2.1778496206
0.0000000000
nan
0.0000000000
nan
5.3516500003
2.3222718784
nan
0.0000000000
0.0000000000
3.6042407185
nan
0.0000000000
0.0000000000
nan
185534239.0000000000
71.8935934729
0.0000000000
nan
0.0000000000
0.0000000000
0.0000000000
nan
2.5553396898
0.0000000000
0.0000000000
0.0000000000
0.0000000000
nan
15.4429014352
0.0000000000
0.0000000000
0.0000000000
399.8742505209
0.0000000000
4.9521810746
2.1698399266
11.2292445970
0.0000000000
nan
2.7972666610
3.0841310056
0.0000000000
nan
nan
0.0000000000
0.0000000000
0.0000000000
0.0000000000
0.0000000000
0.0000000000
0.0000000000
0.0000000000
0.0000000000
0.0000000000
0.0000000000
3.1622121211
0.0000000000
3.0421062257
nan
0.0000000000
184.3824355136
7.9552258953
9.6979734774

Case #42: 
2.4365479518
nan
2.6706911206
3.7820849480
1.9114465693
nan
3.1523027363
nan
nan
4814.7712133426
nan
1.7648490169
nan
5267.1063666860
nan
nan
nan
9.6354960767
nan
0.0000000000
6.0482823725
nan
nan
195.0259048546
11.1688685600
nan
2.3150359252
77.7436753519
902.9529324815
8357.6497942967
nan
195.0259048546
3.8845564167
1.8889673788
nan
nan
nan
4.9535042714
nan
38.6454634292
nan
4.0204189349
5.0181041816
nan
nan
1.9293083917
nan
3.4718372887
nan
12.9616301705
nan
nan
2.9135230751
9.0000000000
nan
nan
6.3857977090
5962.6874123250
nan
nan
3.7879759480
nan
nan
31.3717561159
2.0799737565
nan
0.0000000000
7614.7015119782
nan
1.9924699300
3.0703495303
2.8978686694
5.3566739393
nan
72.1483739205
nan
3.9936757825
nan
nan
78.4812821390
nan
nan
nan
nan
13885.7053399501
nan
51.0738356051
3.1679907885
20454.5773028313
nan
38359.9691345027
nan
nan
230.7925822590
nan
nan

Case #43: 
1.4142135624
2.4494897428

Case #44: 
0.0000000000
0.0000000000
2.0602212346
37206.9401653118
74.5957597310
3.9693595299
5.6330388859
27.1258109351
109.6901350428
nan
2.6104661951
1.9900655463
2.1241942842
9.3901153360
0.0000000000
nan
nan
3.0000000000
2.5307139661
2.3086215704
nan
nan
2.6820934013
nan
34.5006355770
497.9553190259
0.0000000000
9.7481129394
6.7082039325
nan
20.7829997251
nan
2.2178655299
7.9416005572
4.4562943747
2.9588679959
nan
nan
3.6022370111
nan
2.6597513474
nan
nan
19852.8292853312
nan
nan
1.9055111252
14.9179391620
nan
nan
444.1870579820
nan
5.6752536634
nan
3.1040181270
nan
0.0000000000
3.1434950391
nan
27.8356577685
0.0000000000
2.4444171873
54899.9547127696
nan
nan
2.0903011877
429.5208133529
6.0759673773
nan
nan
nan
9.8801210599
17.7647289714
nan
74.3839587617
1.8375374271
25.3555403587
21.4656497774
nan
2.8571379981
nan
2.2018869553
16.3166978029
0.0000000000
118.4498695866
0.0000000000
nan
3.4755349275
nan
nan

Case #45: 
27.0921231664
220.2896017516
3.8441035850
nan
3.7125033822
9.3846520033
61.1589325967
nan

Case #46: 
nan
nan
nan
2.4495276604
nan
nan
8.6682142406
4.6451187997
7.2173905919
2.5333394178
2.4872956230
22.4466813666
nan
nan
4.3950934935
nan
2.1062366082
3.5412816387
nan

Case #47: 
nan
2.2779468480
nan
3.0000000000
1403.0454732235
2.6743191618
nan
nan
nan
nan
5.9314314538
nan
7.7771422242
nan
nan
3.5733187744
nan
nan
106.8557115103
nan
nan
6.9092853564
5.1672981093
nan
2.9592908748
8.7860478264
1.8535785555
2.5518091342

Case #48: 
0.0000000000
nan
nan
nan
5.5014095204
2.8101140721
nan
nan
0.0000000000
nan
0.0000000000
0.0000000000
3.8041413260
nan
1.9178404473
0.0000000000
0.0000000000
nan
nan
2.5578487220
0.0000000000
0.0000000000
0.0000000000
nan
0.0000000000
0.0000000000
0.0000000000
nan
0.0000000000
0.0000000000
0.0000000000
0.0000000000
0.0000000000
4.6179912660
0.0000000000
nan
0.0000000000
nan
10.0000000000
14.7631789751
439.0755738339
14.3795390485
6602.0000000000
0.0000000000
nan
nan
nan
nan
0.0000000000
0.0000000000
nan
303.0156044070
nan
0.0000000000
nan
2.2015706648
0.0000000000
nan
nan

Case #49: 
0.0000000000
77645.0000000000
4.5128180972
nan
11.7684771384
0.0000000000
0.0000000000
2.5670951684
0.0000000000
nan
0.0000000000
0.0000000000
nan
0.0000000000
nan
nan
0.0000000000
0.0000000000
27.6291378452
0.0000000000
0.0000000000
nan
nan
2.4576415743
2.0467477840
38934.8060402284
0.0000000000
0.0000000000
0.0000000000
0.0000000000
0.0000000000
nan
nan
0.0000000000
0.0000000000
4.0674094083
0.0000000000
0.0000000000
nan
nan
nan
0.0000000000
0.0000000000
nan
nan
2.8843676501
3.7306607047
nan
nan
0.0000000000
0.0000000000
0.0000000000
0.0000000000
nan
7.2729063163
nan
0.0000000000
4.6822498828
0.0000000000
0.0000000000
0.0000000000
13.9541217645
0.0000000000
59762.8292251965
0.0000000000
0.0000000000
0.0000000000
7.8112419428
0.0000000000
0.0000000000
3.1060509612

Case #50: 
nan
nan
0.0000000000
nan
0.0000000000
2.4791212841
nan
389.9916474953
0.0000000000
51.8286465498
47939.3598595009
0.0000000000
148.8497320973
26205.6589401127
0.0000000000
2.4505976261
nan
7.9533549185
2.0363077551
209.7475440384
20822.5615619212
3.2191519779
nan
nan
nan
nan
9.2554403103
nan
nan
nan
9.8923411748
0.0000000000
2.8717115153
nan
9.9903478130
nan
nan
nan
0.0000000000
17.5737547349
1.9764619285
2.8466670618
nan
nan
nan
nan
nan
0.0000000000
nan
nan
2.6931003628
0.0000000000
7.6520887004
nan
nan
3.7350418951
6.0471501521
1416.4537367024
nan
nan
nan
5.2709935758
8.1828505133
3.9127686976
2996.4597856040
0.0000000000
nan
0.0000000000
2.2077866069
nan
nan
2.6327599672
27.7131685279
1013.0234184994
0.0000000000
1.9569528720
nan
2.3143974479
0.0000000000
7.1264771482
1386.1492800327
0.0000000000
7.1153175921
nan
3.1768313663
0.0000000000
nan

Case #51: 
124.6812353662
71.3037147219
40.6716906203
nan
nan
nan
10.6848353369
nan
3.9138479558
nan
122.9148034305
5.3585522961
4.0076165565
784911457.1404205561
125.5899842959

Case #52: 
4.0000000000
112.7390477749
5.7479725365
nan
0.0000000000
3.9425268423
nan
5.5110977197
230.0906088132
0.0000000000
5.3554137615
7.9948967093
0.0000000000
124.4101328346
4.0252638085
44113.2092158120
nan
0.0000000000
13861.5089005490
6.0327239285
nan
2.0791570692
0.0000000000
2.5743126887
2.7907638803
5648.6892981419
37597.5931942458
0.0000000000

Case #53: 
0.0000000000
0.0000000000
nan
0.0000000000
0.0000000000
0.0000000000
0.0000000000
5.3821050890
0.0000000000
0.0000000000
0.0000000000
0.0000000000
0.0000000000
0.0000000000
0.0000000000
0.0000000000
0.0000000000
nan
0.0000000000
0.0000000000
0.0000000000
0.0000000000
2.9452287855
0.0000000000
7.0000000000
0.0000000000
0.0000000000
0.0000000000
0.0000000000
0.0000000000
0.0000000000
0.0000000000
0.0000000000
0.0000000000
nan
0.0000000000
0.0000000000
nan
0.0000000000
0.0000000000
0.0000000000
0.0000000000
0.0000000000
0.0000000000
0.0000000000
0.0000000000
0.0000000000
nan
0.0000000000
0.0000000000
0.0000000000
0.0000000000
0.0000000000
0.0000000000
0.0000000000
5.6271526395
0.0000000000
nan
0.0000000000
0.0000000000
0.0000000000
0.0000000000
0.0000000000
0.0000000000
0.0000000000
0.0000000000
0.0000000000
0.0000000000
0.0000000000
0.0000000000
0.0000000000
0.0000000000
0.0000000000
0.0000000000
0.0000000000
0.0000000000
0.0000000000
4.0372607533
0.0000000000
0.0000000000
0.0000000000
0.0000000000
0.0000000000
0.0000000000
0.0000000000
0.0000000000
0.0000000000
0.0000000000
0.0000000000
11.2645911205
0.0000000000
0.0000000000
0.0000000000
nan
0.0000000000
0.0000000000
4.7043686248
0.0000000000
0.0000000000
0.0000000000

Case #54: 
4.9936124170
0.0000000000
0.0000000000
50015.2159288451
124.5564144942
0.0000000000
nan
8.2639835197
nan
nan
0.0000000000
3.0140328872
nan
0.0000000000
2.9413122976
nan
nan
3.4975123191

Case #55: 
nan
nan
nan
nan
7719886.7242686925
63409.7784765572
nan
657.9878418330
nan
2504.3971481895
401.7573354343
1035.7894420112
nan
109.1508417568
52.1354717264
4905.4858741717
nan
1527978.7472371599
2504.3971481895
nan
223.3242873642
201.7962735170
nan
7719886.7242686925
4736.8475979544
4736.8475979544
122.6954690007
2504.3971481895
24668.2601570953
nan
nan
nan
24668.2601570953

Case #56: 
21.0446318043
17.5921056477
681.5900527443
1519696.4222013771
107.1037643327
3.8970079607
123.1702446446
2.6004746615
2.9274202985
27.9322129011
116.7564515202
nan
nan
21341.3523938854
3.2397766162
4.6227863051
7.8426923437
nan
nan
nan
nan
12.8345824638
nan
nan
nan
28.2317652716
15768.7396593537
nan
8.6166245100
nan
286237340.0000000000
nan
nan
nan
1648026.4050069100
18.0650788850
nan
189.6220942340
nan
nan
18.8638885808
nan
nan
nan
nan
45.9786409415
nan
nan
438.7970010655
3.8838307468
nan
1314188.3370464400
nan
7.5443024587
nan
206.5622751054
1375.3689625374
26.1096114801
75908887.0000000000
nan
nan
nan
2.4833140385
50439.8934956336
12.5581410759
nan
nan
1255.2346686705
nan
nan
nan
nan
106.2476447215
nan
nan
nan

Case #57: 
41.8371089617
1.8633286150
9.6599952002
3.4802569475
nan
1142827.2471906191
2.2724898246
17.5104468222
nan
3.4315541544
nan
nan
12.9714404094
9.6938622261
nan
704385.0894581837
nan
nan
79.3070601938
nan
8.4933740151
36.1222394470
7.5880755244
2.8313127331
nan
51522.0085012221
nan
nan
nan
nan
810.4776358063
nan
nan
5.6779731484

Case #58: 
0.0000000000
0.0000000000
42043.3978403523
0.0000000000
0.0000000000
0.0000000000
0.0000000000
0.0000000000
0.0000000000
0.0000000000
0.0000000000
0.0000000000
0.0000000000
0.0000000000
0.0000000000
0.0000000000
0.0000000000
0.0000000000
0.0000000000
0.0000000000
0.0000000000
0.0000000000
0.0000000000
0.0000000000
0.0000000000
0.0000000000
0.0000000000
nan
0.0000000000
nan
0.0000000000
0.0000000000
0.0000000000
212.6805349732
0.0000000000
3.0458076470
0.0000000000
nan
0.0000000000
0.0000000000
0.0000000000
0.0000000000
0.0000000000
0.0000000000
0.0000000000
0.0000000000
0.0000000000
0.0000000000
0.0000000000
0.0000000000
0.0000000000
0.0000000000
nan
0.0000000000
0.0000000000
0.0000000000
0.0000000000
0.0000000000
0.0000000000
0.0000000000
0.0000000000
0.0000000000
0.0000000000
0.0000000000
0.0000000000
0.0000000000
2.1253777788
0.0000000000
0.0000000000
0.0000000000
0.0000000000
0.0000000000
0.0000000000
0.0000000000
0.0000000000
0.0000000000
0.0000000000
0.0000000000
nan
0.0000000000
3.6762309507
0.0000000000
0.0000000000
0.0000000000
3.2396733717
0.0000000000
0.0000000000
0.0000000000
0.0000000000
0.0000000000
0.0000000000
0.0000000000
0.0000000000
0.0000000000
0.0000000000
0.0000000000
0.0000000000
0.0000000000
0.0000000000
2.3660467928

Case #59: 
nan
nan
nan
1395985.9348197433
897567470.0501192808
4.5053293809
nan
342.2719501906
75.2205363221
nan
64.9901063708
4.4635153487
nan
26.7395069026
16.7372476014
nan
4.7157920308
2394.2072734651
50.5536517128
nan
5349.3252165593
2.6716307415
116.9371883255
22.5280130998
nan
nan
nan
7.9130740083
nan
nan
378.5953605974
nan
nan
170126185.0000000000
nan
nan
nan
78.2978949220
62533.9357186654
3.2416135236
2.6499930346
nan
2.4232253303
nan
378.5953605974
nan
37.7158361726
3.2148582054
nan
nan
nan
nan
nan
nan
664.7743586136
nan
35289.2790054348
nan
3.5373250880
nan
nan
nan
nan
4.0289811469
nan
nan
nan
6.8885471536
nan
4.2478053300
nan
nan
1031168.5107333314
2.8132539898
23.5070139325

Case #60: 
0.0000000000
0.0000000000
0.0000000000
0.0000000000
0.0000000000
0.0000000000
0.0000000000
0.0000000000
0.0000000000
0.0000000000
0.0000000000
0.0000000000
1107.4400530156
0.0000000000
0.0000000000
0.0000000000
0.0000000000
0.0000000000
0.0000000000
0.0000000000
0.0000000000
0.0000000000
0.0000000000
0.0000000000
0.0000000000
0.0000000000
0.0000000000
0.0000000000
0.0000000000
0.0000000000
0.0000000000
nan
9.8802463753
0.0000000000
0.0000000000
0.0000000000
0.0000000000
0.0000000000
0.0000000000
0.0000000000
0.0000000000
nan
0.0000000000
0.0000000000
nan
0.0000000000
0.0000000000
0.0000000000
0.0000000000
0.0000000000
0.0000000000
0.0000000000
0.0000000000
0.0000000000
0.0000000000
0.0000000000
0.0000000000
0.0000000000
0.0000000000
0.0000000000
0.0000000000
0.0000000000
0.0000000000
0.0000000000
0.0000000000
0.0000000000
0.0000000000
3.3439304690
225.3851512476
0.0000000000
0.0000000000
1315.0821349784
0.0000000000
0.0000000000
0.0000000000
0.0000000000
nan
0.0000000000
0.0000000000
0.0000000000
0.0000000000
0.0000000000
0.0000000000
0.0000000000
0.0000000000
0.0000000000
0.0000000000
0.0000000000
0.0000000000
0.0000000000
0.0000000000
0.0000000000
2.1034058927
0.0000000000
0.0000000000
0.0000000000
21.1862535461
0.0000000000
0.0000000000
nan

Case #61: 
1.0000000000
2.0000000000

Case #62: 
0.0000000000
0.0000000000
0.0000000000
0.0000000000
0.0000000000
0.0000000000
2.8686287067
0.0000000000
26.0751672738
0.0000000000
0.0000000000
nan
0.0000000000
0.0000000000
0.0000000000
0.0000000000
0.0000000000
0.0000000000
0.0000000000
0.0000000000
0.0000000000
0.0000000000
0.0000000000
0.0000000000
0.0000000000
0.0000000000
0.0000000000
1.7195740954
0.0000000000
0.0000000000
0.0000000000
0.0000000000
428.9363359303
0.0000000000
nan
0.0000000000
0.0000000000
0.0000000000
0.0000000000
0.0000000000
0.0000000000
0.0000000000
0.0000000000
0.0000000000
0.0000000000
0.0000000000
0.0000000000
0.0000000000
0.0000000000
0.0000000000
0.0000000000
nan
0.0000000000
0.0000000000
0.0000000000
0.0000000000
nan
0.0000000000
nan
0.0000000000
0.0000000000
nan
0.0000000000
0.0000000000
0.0000000000
0.0000000000
0.0000000000
0.0000000000
0.0000000000
0.0000000000
3.2316333284
0.0000000000
0.0000000000
0.0000000000
0.0000000000
nan
0.0000000000
0.0000000000
0.0000000000
2.1297741343
0.0000000000
0.0000000000
nan
0.0000000000
0.0000000000
0.0000000000
0.0000000000
0.0000000000
0.0000000000
0.0000000000
7.8644656589
0.0000000000
209.4489445327
nan
0.0000000000
0.0000000000
0.0000000000
0.0000000000
0.0000000000
0.0000000000

Case #63: 
1446.7912375788
398.5211029953
67.7634897582
nan
nan
12.8890920356
6145.8901649579
1608697.9669417671
42591.1052333700
1063498.0523535586
11.0895081599
11.7135605628
nan
nan
nan
nan
nan
4952698.1955150468
nan
230.5505479467
nan
69.8161965015
nan
nan
4730.5956716510
nan
18.3387016833
74739.0000000000
8.7617448251
11.1278378528
4588.7838550809
nan
nan
143309.5951712585
76832.0000000000
37.8271928782
136.6336492386
18.2713852182
495.2490640328
nan
76.7216198866
35467.1978015753

Case #64: 
8.5988137022
35.2710112336
2195.3272459689
46.9900439362
nan
nan
17.2344061990
5883.9048826563
37.1752699349
418.7414810711
5491.0762955887
nan
27.4010896830
37751.8761123206
nan
nan
42.2371106179
125.0247082305
3669884.3297732151
17.5366624040
nan
nan
nan
nan
398.3759984241
nan
nan
73.3959097856
nan
88899.0000000000
nan
nan
nan
nan
7.1299371040
99735.0000000000
14.2907545026
967.8351714334
8.7233471016
nan
8.7233471016
2044.0608149830
49.8640541352
5.6551501390

Case #65: 
nan
nan
468107284.0000000000
nan
nan
65874.9311275850
21.8727876728
nan
1246.9889301093
nan
nan
125.5214089755
51242.2586250840
56039.2912255422
nan
nan
7234506.7834476456
4354816.9188488284
45.5865792263
nan
463.7991907716
12.7356298924
7.9076728891
nan
226.0819015507
nan
6005.4186519591
nan
nan
1386.6290291576
4965.0942159921
nan
nan
79486.9781130901
nan
nan
nan
12.5497292973
7.7362525690
79986.0545095206
nan
912.6609447106
6.1546721475
275789082.0106000900
1235.7978973780
11.0740101571
nan
nan
377.4973894477
6205.4693526780
43.8977432560
406.7737829911
4354816.9188488284
nan
nan
118.2712199982
10708.0000000000
nan
9.7837108085
25.0508234998
nan
43.8081070248

Case #66: 
1.0000000000
14.7687130756
6.6340331847
nan
0.0000000000
0.0000000000
5.0180269989
nan
nan
0.0000000000
0.0000000000
2.9551260635
nan
2.8888076816
1.7045684323
1.7413316927
7.8275745032
0.0000000000
nan
0.0000000000
nan
0.0000000000
0.0000000000
nan
nan
0.0000000000
1.7138160880
0.0000000000
3.5971130484
4.2438998463
0.0000000000
1.9999422586
2.6099695498
1.8113335894
2.1167258745
0.0000000000
0.0000000000
0.0000000000
0.0000000000
nan
0.0000000000
nan
0.0000000000
nan
70.9984912011
nan
0.0000000000
0.0000000000
4.1718387883
1.8317713572
2573.6057667358
nan
0.0000000000
nan
0.0000000000
0.0000000000
24.1775685024
nan
3.3451125848
nan
nan
2587.8197451379
2.0394149423
9.6202797327
nan
0.0000000000
1.5852856987
47.9601248150
nan
2.5806372748
nan
3.4176905691
nan
0.0000000000
11401.5001649064
0.0000000000
0.0000000000

Case #67: 
1073.3282014436
1053391.1161043830
888.4543469922
463.9381899347
233.5793401521
60023.5677380144
7.0000000000
nan
232.8652737314
362.3546721381
98846.0000000000
3099.2462411581
nan
nan
232.8652737314
1053391.1161043830
34880.8979022341
831.8184898161
43603.0000000000
3099.2462411581
120.0648155856
43273.5527550614
82628.0000000000
40.7877062316
346.4781890336
3739.8386189073
nan
343.5694980641
73.3961078648
233.5793401521
66980.3694226898
297.5399132890
60023.5677380144
1842.3057444173
nan
43273.5527550614
498.2745654673
70.7484319180
nan
123.5046046642
40.7877062316
297.5399132890
208.8133137518
233.5793401521
58050.2127813701
27.1944293006
229.2372179646
45.0431780159
486.5753466305
496.9385621753
510.4611651141
362.3546721381
8.0000000000
208.8133137518
1533.0201758498
85.2568929449
496.9385621753
nan
1053391.1161043830
486.5753466305
85.2568929449
362.3546721381
127.4309868683
nan
230.1688907507
208.8133137518
66980.3694226898
nan
nan
3099.2462411581
74.8119220218
3.0000000000
123.5046046642

Case #68: 
nan
nan
1791510.4691829514
0.0000000000
78.0272499828
2.4728996536
0.0000000000
0.0000000000
0.0000000000
0.0000000000
nan
nan
0.0000000000
nan
nan
231.8586391536
0.0000000000
6.3586971142
nan
nan
1.9831145193
0.0000000000
0.0000000000
0.0000000000
1.8675571548
nan
1.9791292454
0.0000000000
0.0000000000
nan
nan
5.5210321101
1.9407652630
nan
198.0726345546
0.0000000000
0.0000000000
1.9639798479
29.9918177602
30714.1063907856
nan
nan
2.9279463267
nan
0.0000000000
nan
4.2809071541
2.0389216810
9.3310855358
nan
nan
0.0000000000
0.0000000000
0.0000000000

Case #69: 
0.0000000000
0.0000000000
0.0000000000
nan
0.0000000000
5.2818523894
11.5059583069
0.0000000000
0.0000000000
126.0044316622
186.0652817359
nan
nan
0.0000000000
nan
5.2926683435
nan
nan
nan
nan
3.1137420842
0.0000000000
nan
0.0000000000
0.0000000000
nan
2.4890733298
nan
nan
nan
834726.1819898502
nan
2.9189514143
22.2276989665
0.0000000000
nan
0.0000000000
5130.3891343292
127.3539760965
1.9238004578
0.0000000000
2.2031303216
5598.9554381873
nan
0.0000000000
nan
nan
0.0000000000
nan
nan
nan
nan
nan
nan
3.0184976079
0.0000000000
1.9107034966
4.0028934170
6194.4699605765
3.2619085979
nan
nan
5.2551525914
0.0000000000
2.1616990401
nan
0.0000000000
nan
1.9558535071
nan
5.8223806098
4.4157681271
0.0000000000
nan
5.3383848583
nan
2.3897338756
nan
94.2383461582
0.0000000000
8.6897663594

Case #70: 
0.0000000000
0.0000000000
0.0000000000
0.0000000000
0.0000000000
0.0000000000
0.0000000000
0.0000000000
0.0000000000
0.0000000000
0.0000000000
0.0000000000
0.0000000000
0.0000000000
0.0000000000
0.0000000000
0.0000000000
0.0000000000
0.0000000000
0.0000000000
0.0000000000
0.0000000000
0.0000000000
0.0000000000
0.0000000000
0.0000000000
0.0000000000
0.0000000000
0.0000000000
0.0000000000
0.0000000000
0.0000000000
0.0000000000
0.0000000000
0.0000000000
0.0000000000
0.0000000000
0.0000000000
0.0000000000
0.0000000000
0.0000000000
0.0000000000
0.0000000000
0.0000000000
0.0000000000
0.0000000000
0.0000000000
0.0000000000
0.0000000000
0.0000000000
0.0000000000
0.0000000000
0.0000000000
0.0000000000
0.0000000000
0.0000000000
0.0000000000
0.0000000000
0.0000000000
0.0000000000
0.0000000000
0.0000000000
0.0000000000
0.0000000000
0.0000000000
0.0000000000
0.0000000000
0.0000000000
0.0000000000
0.0000000000
0.0000000000
0.0000000000
0.0000000000
0.0000000000
0.0000000000
0.0000000000
0.0000000000
0.0000000000
0.0000000000
0.0000000000
0.0000000000
0.0000000000
0.0000000000
0.0000000000
0.0000000000
0.0000000000
0.0000000000
0.0000000000
0.0000000000
0.0000000000
0.0000000000
0.0000000000
0.0000000000
0.0000000000
0.0000000000
0.0000000000
0.0000000000
0.0000000000
0.0000000000
0.0000000000

Case #71: 
4.2620841470
nan
51343.8329166041
6.6634206833
4.7434995303
4.6784003994
nan
nan
11.1307766778
5.9060274759
nan
11.1307766778
194.5768055734
3.4727342344
2.6607982384
nan
1767.6281991403
nan
1069865.8164425008
6.9195631304
15.8614742058
35.1790404551
5.9139393831
450.6306418199
nan
5639.8277045371
223.8625092127
6.3159263723
nan
nan
231.2833356295
202.3516139839
nan
1463.9210547384
nan
nan
nan
2.4353251057
nan
6410.9883288864
223.8625092127
nan
893642257.0000000000
4.6053979806
3.8492362463
nan
nan
nan
nan
12.9585351119
5.8811570555
nan

Case #72: 
4299641.7510671746
nan
nan
21.0132628540
nan
8596.4355403853
nan
nan
nan
28732.0000000000

Case #73: 
3.0386979731
0.0000000000
0.0000000000
2.3286964944
0.0000000000
0.0000000000
0.0000000000
0.0000000000
0.0000000000
0.0000000000
0.0000000000
0.0000000000
0.0000000000
0.0000000000
0.0000000000
0.0000000000
0.0000000000
0.0000000000
0.0000000000
nan
0.0000000000
0.0000000000
0.0000000000
nan
0.0000000000
0.0000000000
0.0000000000
0.0000000000
15.1900811904
0.0000000000
3.3956241260
0.0000000000
0.0000000000
0.0000000000
0.0000000000
0.0000000000
0.0000000000
2.7490674239
0.0000000000
0.0000000000
22.1103644523
0.0000000000
0.0000000000
0.0000000000
0.0000000000
0.0000000000
0.0000000000
0.0000000000
0.0000000000
0.0000000000
0.0000000000
0.0000000000
0.0000000000
0.0000000000
0.0000000000
0.0000000000
0.0000000000
0.0000000000
0.0000000000
0.0000000000
0.0000000000
nan
nan
0.0000000000
2.6272702457
0.0000000000
0.0000000000
nan
0.0000000000
0.0000000000
0.0000000000
0.0000000000
nan
0.0000000000
0.0000000000
0.0000000000
0.0000000000
0.0000000000
0.0000000000
0.0000000000
0.0000000000
nan
0.0000000000
0.0000000000
0.0000000000
0.0000000000
0.0000000000
0.0000000000
0.0000000000
0.0000000000
0.0000000000
0.0000000000
2.2995182983
0.0000000000
0.0000000000
0.0000000000
0.0000000000
0.0000000000
0.0000000000
2.4225968672

Case #74: 
0.0000000000
0.0000000000
0.0000000000
nan
0.0000000000
0.0000000000
0.0000000000
0.0000000000
0.0000000000
0.0000000000
0.0000000000
0.0000000000
0.0000000000
0.0000000000
0.0000000000
0.0000000000
0.0000000000
0.0000000000
0.0000000000
0.0000000000
0.0000000000
nan
0.0000000000
0.0000000000
0.0000000000
0.0000000000
0.0000000000
0.0000000000
0.0000000000
0.0000000000
232.8985687376
0.0000000000
nan
nan
0.0000000000
nan
0.0000000000
nan
0.0000000000
0.0000000000
0.0000000000
0.0000000000
0.0000000000
0.0000000000
0.0000000000
0.0000000000
0.0000000000
0.0000000000
0.0000000000
0.0000000000
0.0000000000
0.0000000000
0.0000000000
0.0000000000
0.0000000000
0.0000000000
nan
0.0000000000
0.0000000000
0.0000000000
0.0000000000
0.0000000000
6.1505710368
0.0000000000
0.0000000000
11.2868889391
nan
0.0000000000
0.0000000000
0.0000000000
0.0000000000
0.0000000000
0.0000000000
0.0000000000
0.0000000000
0.0000000000
2.6058371368
0.0000000000
0.0000000000
0.0000000000
0.0000000000
nan
nan
0.0000000000
0.0000000000
0.0000000000
0.0000000000
5.1862598278
0.0000000000
0.0000000000
0.0000000000
0.0000000000
0.0000000000
nan
0.0000000000
2.5432475130
0.0000000000
0.0000000000
1.9340336593
0.0000000000

Case #75: 
74.8956718069
2.8226119220
11.1648514879
8.7129815692
4.8989090656
nan
2.1033853284
nan
nan
nan
6112.8751122731
2.0299404357
nan
7.9963472300
7.8442963182
5.3433928992
5881.6305663559
nan
49383.3339803896
26.4709716669
11.2295720820
nan
382.3953161340
nan
341.1453314633
nan
1.9433503662
nan
2.6922449140
4.8571352958
51207.9142556628
28.0776005410
nan
1.9352879685
6.6179374416
nan
37.6215350820
14.1123060294
44.2126414978
2.7880196893
nan
7.5725861645
2.1033853284
nan
3.4708418651
nan
3.3852808837
51.7465326221
3.7403516483
35.4033427058
9.2942646915
2.7401076074
5.9934386088
2.4716996204
nan
nan
114.3185381655
nan
2.1386618537
nan
2.8381994166
41808.9297279899
2.0483230319
4.2732600079
nan
nan
646.7255986893
25.8613857047
9.1467348288
nan
nan
2.4150980169
nan
nan
2.3946501311
10.9669966869
3.0381428726

Case #76: 
4.2083918126
nan
8.5817688770
nan
406.3828623381
75.2389976922
nan
99.5953420580
50.8011931809
nan
nan
nan
nan
56.6801010416
4.4198472585
nan
6.1644281891
12.6447041672
nan
nan
16.9377874813
6.9396815494

Case #77: 
0.0000000000
0.0000000000
0.0000000000
0.0000000000
0.0000000000
0.0000000000
0.0000000000
nan
nan
69.2805211664
0.0000000000
0.0000000000
0.0000000000
nan
0.0000000000
0.0000000000
0.0000000000
0.0000000000
0.0000000000
0.0000000000
0.0000000000
0.0000000000
0.0000000000
0.0000000000
0.0000000000
0.0000000000
0.0000000000
0.0000000000
0.0000000000
0.0000000000
0.0000000000
0.0000000000
0.0000000000
0.0000000000
0.0000000000
0.0000000000
0.0000000000
0.0000000000
0.0000000000
0.0000000000
0.0000000000
0.0000000000
0.0000000000
21.7741770662
0.0000000000
0.0000000000
0.0000000000
0.0000000000
0.0000000000
2.2601568133
0.0000000000
0.0000000000
0.0000000000
0.0000000000
0.0000000000
0.0000000000
0.0000000000
0.0000000000
0.0000000000
0.0000000000
0.0000000000
0.0000000000
0.0000000000
0.0000000000
0.0000000000
5.9000091770
0.0000000000
0.0000000000
0.0000000000
0.0000000000
0.0000000000
0.0000000000
0.0000000000
0.0000000000
0.0000000000
0.0000000000
0.0000000000
0.0000000000
0.0000000000
0.0000000000
0.0000000000
36.7491235133
0.0000000000
0.0000000000
0.0000000000
0.0000000000
0.0000000000
0.0000000000
0.0000000000
0.0000000000
0.0000000000
0.0000000000
0.0000000000
0.0000000000
0.0000000000
0.0000000000
0.0000000000
0.0000000000
0.0000000000
0.0000000000

Case #78: 
0.0000000000
2.1462629811
2.1665275996
nan
0.0000000000
0.0000000000
2.0649817960
nan
2.4568875417
0.0000000000
nan
nan
0.0000000000
nan
0.0000000000
3.0712073226

Case #79: 
341534163.1652976871
146207510.5952148438
nan
146207510.5952148438
nan
52.0984084385
255.7476682644
149.6098414640
598864694.0000000000
nan
nan
5.0000000000
32.6742181850
121.4826561226
42012.8356034933
47923.6995075199
934184.0374808381
17.7260208550
1629105.7174243624
5239.0000000000
38.0108614257
4176.5227008589
nan
nan
nan
nan
5.4772255751
75.9860015902
1213.3001283881
1202.9997458149
nan
4612.8493123061
74.3193209306
222.6643383833
nan
nan
nan
nan
nan
nan

Case #80: 
0.0000000000
0.0000000000
70.7375449267
2.1627869749
0.0000000000
nan
nan
380.1789052538
0.0000000000
nan
0.0000000000
nan
5.0274394711
nan

Case #81: 
nan
2.3950377690
nan
nan
2.5217321362
2.6934483792
1.7633333738
12350.1341693117
4.2685937127
nan
3.3109464802
134.7516233668
nan
4.7511663896
54969.1849044916
470.3395279788
2.3367210013
2.5751224605
18.2516137641
3.2381983681
nan
51.4090839368
66.0774092262
nan
2.6333568655
nan
nan
3.2777036638
3.1930470999
nan
93.8088350906
nan
nan
31626.0766140854
7.5938969401
nan
nan
39670.0000000000
nan
193.3857938680
103.1506184165
nan
52174.0030143708
nan
2.4135712286
nan
2.8742920222
2.3670741002
2.2140771638
12.9908571013
2.0047109592

Case #82: 
0.0000000000
0.0000000000
0.0000000000
0.0000000000
0.0000000000
0.0000000000
0.0000000000
0.0000000000
0.0000000000
0.0000000000
0.0000000000
0.0000000000
2.0978006251
0.0000000000
0.0000000000
0.0000000000
0.0000000000
0.0000000000
0.0000000000
0.0000000000
nan
0.0000000000
0.0000000000
0.0000000000
nan
2.2882514350
0.0000000000
0.0000000000
0.0000000000
0.0000000000
0.0000000000
0.0000000000
0.0000000000
0.0000000000
0.0000000000
0.0000000000
0.0000000000
0.0000000000
0.0000000000
0.0000000000
0.0000000000
0.0000000000
0.0000000000
0.0000000000
0.0000000000
0.0000000000
0.0000000000
0.0000000000
0.0000000000
0.0000000000
0.0000000000
0.0000000000
0.0000000000
0.0000000000
0.0000000000
0.0000000000
15.0247365726
0.0000000000
0.0000000000
0.0000000000
0.0000000000
0.0000000000
0.0000000000
0.0000000000
0.0000000000
0.0000000000
0.0000000000
0.0000000000
0.0000000000
0.0000000000
0.0000000000
0.0000000000
0.0000000000
nan
0.0000000000
0.0000000000
0.0000000000
3.3833245833
0.0000000000
0.0000000000
0.0000000000
0.0000000000
15.1767057485
0.0000000000
0.0000000000
0.0000000000
0.0000000000
0.0000000000
0.0000000000
0.0000000000
0.0000000000
0.0000000000
0.0000000000
0.0000000000
0.0000000000
0.0000000000
0.0000000000
0.0000000000
0.0000000000
0.0000000000

Case #83: 
0.0000000000
0.0000000000
0.0000000000
nan
0.0000000000
0.0000000000
0.0000000000
0.0000000000
0.0000000000
0.0000000000
0.0000000000
0.0000000000
0.0000000000
0.0000000000
0.0000000000
0.0000000000
0.0000000000
3.5647565199
0.0000000000
0.0000000000
0.0000000000
nan
4.0177321224
0.0000000000
0.0000000000
0.0000000000
0.0000000000
0.0000000000
0.0000000000
0.0000000000
0.0000000000
0.0000000000
0.0000000000
0.0000000000
0.0000000000
0.0000000000
0.0000000000
471.8899285559
0.0000000000
0.0000000000
0.0000000000
0.0000000000
nan
0.0000000000
nan
0.0000000000
0.0000000000
0.0000000000
2.4714010646
0.0000000000
0.0000000000
0.0000000000
0.0000000000
0.0000000000
0.0000000000
0.0000000000
0.0000000000
0.0000000000
2.2710520109
0.0000000000
0.0000000000
0.0000000000
0.0000000000
0.0000000000
0.0000000000
0.0000000000
nan
0.0000000000
0.0000000000
0.0000000000
3.5925831224
0.0000000000
0.0000000000
0.0000000000
0.0000000000
nan
0.0000000000
0.0000000000
0.0000000000
0.0000000000
0.0000000000
nan
0.0000000000
0.0000000000
0.0000000000
0.0000000000
0.0000000000
0.0000000000
0.0000000000
0.0000000000
0.0000000000
0.0000000000
0.0000000000
0.0000000000
0.0000000000
nan
0.0000000000
nan
3.2855178797
0.0000000000

Case #84: 
1000000000.0000000000

Case #85: 
nan
nan
nan
2.1444090179
12.9846805847
7.9539757701
0.0000000000
nan
nan
nan
3.6206800440
nan
nan
2.3482101786
nan
nan
3.0443297596
nan
nan
2.6228543470
5.9094147085
nan
nan
nan
0.0000000000
5.3063500968
nan
nan
3.1394084745
nan
4.6583502706
nan
3.0518009969
nan
nan
4.6253169133
3.4366459511
1.9539838130
17.2819450649
nan
1.7732704247
3.3538596858
1.7098101371
6.3280011579
nan
nan
3.4578596255
nan
nan
9.6803879508
2.1001994667
2.1184947195
nan
nan
nan
483.2382229254
nan
6.4507776514
107.2006965793
nan
nan
nan
nan
4.4081031663
nan
nan
5.6264560946

Case #86: 
nan
12.7298121073
nan
51487.1918952635
540063.7368304504
nan
nan
10.8938597812
nan
nan
12.7298121073
26.1692026840
95.8864397945
nan
nan
nan
28.1654265094
17.6666064722
26.1692026840
nan
328.1842139033
9.4360363409
328.1842139033
nan
871.6297282404
32356.7928443692

Case #87: 
nan
nan
0.0000000000
0.0000000000
0.0000000000
0.0000000000
1.9025169780
nan
0.0000000000
nan
0.0000000000
0.0000000000
0.0000000000
0.0000000000
0.0000000000
0.0000000000
0.0000000000
0.0000000000
2.2429035344
0.0000000000
0.0000000000
0.0000000000
nan
0.0000000000
0.0000000000
0.0000000000
0.0000000000
0.0000000000
0.0000000000
0.0000000000
0.0000000000
nan
nan
0.0000000000
0.0000000000
0.0000000000
0.0000000000
0.0000000000
0.0000000000
0.0000000000
0.0000000000
0.0000000000
0.0000000000
0.0000000000
0.0000000000
0.0000000000
nan
nan
0.0000000000
0.0000000000
0.0000000000
0.0000000000
0.0000000000
0.0000000000
0.0000000000
0.0000000000
0.0000000000
0.0000000000
nan
0.0000000000
0.0000000000
0.0000000000
0.0000000000
0.0000000000
0.0000000000
0.0000000000
0.0000000000
0.0000000000
0.0000000000
0.0000000000
0.0000000000
2.5481374732
0.0000000000
0.0000000000
0.0000000000
0.0000000000
0.0000000000
0.0000000000
0.0000000000
0.0000000000
2.3505562699
0.0000000000
0.0000000000
475.8541330736
0.0000000000
0.0000000000
0.0000000000
0.0000000000
0.0000000000
0.0000000000
0.0000000000
nan
0.0000000000
0.0000000000
0.0000000000
0.0000000000
0.0000000000
0.0000000000
0.0000000000
nan

Case #88: 
2.4080544299
nan
nan
3.0878010945
14.8907861739
4.9313950094
6.1315597512
nan
nan

Case #89: 
nan
0.0000000000
2.7318375462
22.3212375911
2.6260494712
nan
0.0000000000
0.0000000000
11.0769021359
3.4991347531
nan
nan
2.5279651944
0.0000000000
nan
7.7645301591
1442.4292741602
26.0259341948
233.0280486417
2.0911426378
nan
nan
nan
1.9995360151
0.0000000000
nan
nan
0.0000000000
1.8664893606
nan
0.0000000000
22.3112349503
nan
1215785.0419872750
2.3837444473
0.0000000000
0.0000000000
2.1618093919
0.0000000000
0.0000000000
nan
nan
nan

Case #90: 
8290126.6963266004
22.0560320088
1382.7969474211
1935233.5592539373
nan
68.9754270735
571.9440532080
96417.0000000000
203.4587271718
350.9268611785
79.0308056967
6044661.4293616144
nan
nan
nan
16.4522554702
3974.6813714079
5451956.5767438021
52372.0678701920
nan
nan
1241289.4235122174
559325.9573062959
62.0091578470
1650516.2695150825
nan
nan
46792.9978773642
nan
5399.6257692772
485626.9990053125
116.6206660587
6044661.4293616144
44818.7867362808
nan
119.3372409936
nan
nan
37.8938847285
4134.8378863885
3258545.3763845302

Case #91: 
45.7401615382
nan
0.0000000000
nan
nan
nan
nan
2.0616692808
0.0000000000
nan
0.0000000000
1.9639798479
0.0000000000
3.1284917119
1.7707055470
0.0000000000
0.0000000000
1.8172310106
2.3306766674
0.0000000000
3.4629021707
0.0000000000
nan
1.7795504984
21828.8251859783
1.7788674835

Case #92: 
4.1784461237
754806.2254770284
3168674.6150597413
73.4651382617
4166.6353837367
43975.6913760318
231.3609312939
83632.5923967445
21512.9217095512
nan
497.0569431962
6.5179051855
1013.3444591633
nan
11868.0000000000
21.7588784288
127.5103183828
nan
nan
8.7233051508
nan
nan
9.8867467243
6.6063744141
5329.8327752352
nan
1154199.7047360630
nan
nan
1715649.9688345522
41818.0000000000
6.1024097666
nan
nan
431.5704680307
11.8087622873
22.1880707166
nan
nan
21.7588784288
9.7417066405
54178.2963810422
11.8087622873
36.2996947898
6123.3850410075
30294.7336328595
50.2861094680
388365.4360183753
96.5252058096
nan
nan
nan
34.8037426445

Case #93: 
6.9141958356
nan
nan
8.3238771888
22.1968842477
2389538.0000000000
262.5638593956
nan
40741.0387110248
636.7990263812
nan
nan
103.9449557501
nan
nan
nan
611058.4714470466
4.4613034061
957087307.0000000000
nan
nan
3448.7483236638
513.4209085796
20.7667109014
93.6146234766
17.9041251137
581974496.0000000000
393.0154132979
nan
nan
nan
27.8901063921
26.7257701859
nan
nan
5.5594915906
122.7030791439
10.0000000000
nan
11.1215049625
222.8745767021
37.4581970522
nan

Case #94: 
2470605.1540930211
nan
nan
1803.9611727410
nan
nan
nan
1053978.5972759647

Case #95: 
nan
0.0000000000
2.1942082720
0.0000000000
1122.5272523313
3.4257797544
nan

Case #96: 
14.5369068897
829055.9872484064

Case #97: 
nan
2.2850279799
4369.0238863983
35366.7142873276
213.9401146216
nan
2.2541898360
nan
nan
24.7284736462
37.9154200613
3038.7634856773
7.2437348218
nan
nan
nan
nan
2.4076447736
387.8015788212
6.0967069350
2.0888377337
nan
nan
nan
86.0759546642
210.5480360724
nan
nan
nan
8.7034988764
15.1179523712
nan
3.1322194542
nan
nan
nan
nan
5.3387886160
nan
3.8690192326
9.7503626940
220.2208980535
nan
4.2389481877
nan
8.7441487605
nan
0.0000000000
7.0370523467
8.1246995571
nan
nan
14.6145141559
2.1048189975
8.7441487605
nan

Case #98: 
6.1194109134
21.8181213574
nan
17.5890442045
nan
nan
1085.9645192345
8.1155419556
nan
nan
nan
nan
6.4485336429
29.8575645640
10577.9903196581
2.9856093555
nan
460.8984415418
nan
nan
nan
nan
14.2852085960
14.3865887899
nan
6.1241700340
nan
1087939.5070664545
nan
nan
nan
126.5248203810
1327.2582017472
3.2305668702
nan
5177.6417518930
nan
nan
5.7257784003
5.0990485147
nan
nan

Case #99: 
8.6315145993
0.0000000000
nan
4.1807902112
2.6062678133
8.8471816429
nan
2113481.7903161598
nan
123.5001094948
861509035.0000000000
451.7085977573
2.2329961861
2.7911027899
8976513.9565804712
nan
nan
nan
5.7308728861
2.8430073519
nan
0.0000000000
nan
0.0000000000
4.5135685674
nan
0.0000000000
2.4497884659
nan
4.6793234140
5512.0809126270
nan
2.8129163798
227.7225006639
6.4835360098
4.2229430239
nan
nan
22.5458423737
nan
nan
nan
0.0000000000
nan
nan
6.5894114609
0.0000000000
3.4666291682
nan
nan
nan
nan

Case #100: 
nan
107.5684175021
1381954.3084442439
485.8558487670
2.1586703176
nan
nan
nan
nan
10.0626657597
2.5179610961
nan
6.1068573789
12.4077994196
nan
nan
nan
nan
6153.1877913388
2.3383870762
0.0000000000
nan
nan
2.2866079091
0.0000000000
216.9210413659
nan
52070.4663893075
0.0000000000
3.4803745352
4.7252023503
2.4545938469
nan
2.8703814799
8.7018985194
1319.9885672651
nan
nan
nan
55798.0000000000

