Case #1: 
162754.791419004
2980.957987042
2980.957987042
8103.083927575
65659969.137330510
485165195.409790277
162754.791419004
162754.791419004
54.598150033
Case #2: 
148.413159103
7.389056099
403.428793493
22026.465794807
403.428793493
403.428793493
20.085536923
1096.633158428
2980.957987042
Case #3: 
3269017.372472111
2980.957987042
59874.141715198
178482300.963187248
442413.392008920
22026.465794807
22026.465794807
22026.465794807
22026.465794807
1.000000000
Case #4: 
59874.141715198
148.413159103
148.413159103
178482300.963187248
8886110.520507872
1202604.284164777
8886110.520507872
8886110.520507872
Case #5: 
3269017.372472111
22026.465794807
485165195.409790277
Case #6: 
22026.465794807
3269017.372472111
442413.392008920
22026.465794807
442413.392008920
8886110.520507872
178482300.963187248
178482300.963187248
162754.791419004
1202604.284164777
Case #7: 
162754.791419004
59874.141715198
2980.957987042
442413.392008920
59874.141715198
22026.465794807
59874.141715198
59874.141715198
Case #8: 
403.428793493
1096.633158428
Case #9: 
485165195.409790277
Case #10: 
22026.465794807
162754.791419004
22026.465794807
178482300.963187248
403.428793493
442413.392008920
24154952.753575299
8886110.520507872
3269017.372472111
485165195.409790277
Case #11: 
3269017.372472111
148.413159103
1.000000000
Case #12: 
3269017.372472111
1202604.284164777
403.428793493
1096.633158428
2980.957987042
22026.465794807
1202604.284164777
2980.957987042
22026.465794807
2980.957987042
Case #13: 
7.389056099
162754.791419004
162754.791419004
Case #14: 
8103.083927575
59874.141715198
22026.465794807
8103.083927575
162754.791419004
59874.141715198
22026.465794807
162754.791419004
Case #15: 
1.000000000
1096.633158428
54.598150033
2.718281828
1096.633158428
1.000000000
148.413159103
Case #16: 
2.718281828
8103.083927575
1096.633158428
8103.083927575
2.718281828
2980.957987042
2980.957987042
Case #17: 
403.428793493
54.598150033
22026.465794807
1096.633158428
1096.633158428
2980.957987042
2980.957987042
403.428793493
403.428793493
Case #18: 
403.428793493
1096.633158428
22026.465794807
1096.633158428
403.428793493
54.598150033
1096.633158428
2980.957987042
2980.957987042
7.389056099
Case #19: 
22026.465794807
2980.957987042
8103.083927575
2980.957987042
403.428793493
22026.465794807
2980.957987042
22026.465794807
Case #20: 
178482300.963187248
22026.465794807
162754.791419004
22026.465794807
Case #21: 
162754.791419004
442413.392008920
59874.141715198
Case #22: 
22026.465794807
22026.465794807
1096.633158428
148.413159103
59874.141715198
148.413159103
Case #23: 
22026.465794807
403.428793493
7.389056099
403.428793493
22026.465794807
2980.957987042
162754.791419004
59874.141715198
22026.465794807
54.598150033
Case #24: 
54.598150033
8103.083927575
59874.141715198
403.428793493
22026.465794807
20.085536923
Case #25: 
178482300.963187248
2.718281828
162754.791419004
20.085536923
54.598150033
2.718281828
442413.392008920
Case #26: 
3269017.372472111
162754.791419004
59874.141715198
162754.791419004
148.413159103
3269017.372472111
162754.791419004
22026.465794807
59874.141715198
162754.791419004
Case #27: 
403.428793493
148.413159103
20.085536923
54.598150033
54.598150033
1096.633158428
59874.141715198
7.389056099
403.428793493
8103.083927575
Case #28: 
442413.392008920
22026.465794807
442413.392008920
442413.392008920
442413.392008920
442413.392008920
162754.791419004
162754.791419004
442413.392008920
22026.465794807
Case #29: 
7.389056099
59874.141715198
7.389056099
Case #30: 
59874.141715198
8103.083927575
22026.465794807
59874.141715198
8103.083927575
2980.957987042
2980.957987042
Case #31: 
22026.465794807
22026.465794807
22026.465794807
22026.465794807
22026.465794807
22026.465794807
22026.465794807
22026.465794807
22026.465794807
Case #32: 
22026.465794807
8103.083927575
1096.633158428
2980.957987042
2980.957987042
178482300.963187248
Case #33: 
22026.465794807
Case #34: 
485165195.409790277
485165195.409790277
485165195.409790277
485165195.409790277
485165195.409790277
485165195.409790277
485165195.409790277
485165195.409790277
Case #35: 
2.718281828
2.718281828
7.389056099
59874.141715198
59874.141715198
2.718281828
7.389056099
Case #36: 
24154952.753575299
178482300.963187248
24154952.753575299
Case #37: 
178482300.963187248
178482300.963187248
178482300.963187248
Case #38: 
7.389056099
7.389056099
7.389056099
7.389056099
Case #39: 
403.428793493
1096.633158428
22026.465794807
403.428793493
20.085536923
54.598150033
2.718281828
Case #40: 
148.413159103
2980.957987042
8103.083927575
1096.633158428
2980.957987042
403.428793493
Case #41: 
2.718281828
59874.141715198
485165195.409790277
2.718281828
485165195.409790277
2.718281828
1096.633158428
Case #42: 
1202604.284164777
65659969.137330510
Case #43: 
24154952.753575299
1202604.284164777
2980.957987042
8103.083927575
162754.791419004
Case #44: 
3269017.372472111
59874.141715198
1202604.284164777
Case #45: 
59874.141715198
8103.083927575
Case #46: 
2.718281828
Case #47: 
2980.957987042
Case #48: 
22026.465794807
22026.465794807
22026.465794807
22026.465794807
22026.465794807
22026.465794807
22026.465794807
22026.465794807
22026.465794807
Case #49: 
485165195.409790277
1202604.284164777
24154952.753575299
442413.392008920
3269017.372472111
1202604.284164777
24154952.753575299
178482300.963187248
3269017.372472111
162754.791419004
Case #50: 
485165195.409790277
1096.633158428
1.000000000
2.718281828
Case #51: 
485165195.409790277
485165195.409790277
485165195.409790277
485165195.409790277
485165195.409790277
485165195.409790277
Case #52: 
1.000000000
1.000000000
2.718281828
1.000000000
1.000000000
1.000000000
1.000000000
2.718281828
2.718281828
Case #53: 
59874.141715198
8886110.520507872
59874.141715198
442413.392008920
2980.957987042
59874.141715198
59874.141715198
442413.392008920
8886110.520507872
Case #54: 
7.389056099
7.389056099
7.389056099
7.389056099
7.389056099
7.389056099
7.389056099
7.389056099
7.389056099
7.389056099
Case #55: 
162754.791419004
2980.957987042
8103.083927575
59874.141715198
403.428793493
8103.083927575
8103.083927575
2980.957987042
59874.141715198
8103.083927575
Case #56: 
8103.083927575
3269017.372472111
8886110.520507872
485165195.409790277
3269017.372472111
3269017.372472111
3269017.372472111
Case #57: 
485165195.409790277
442413.392008920
2.718281828
148.413159103
442413.392008920
8103.083927575
442413.392008920
148.413159103
8103.083927575
2.718281828
Case #58: 
1.000000000
1.000000000
Case #59: 
59874.141715198
8103.083927575
22026.465794807
22026.465794807
22026.465794807
22026.465794807
22026.465794807
22026.465794807
22026.465794807
Case #60: 
3269017.372472111
7.389056099
1096.633158428
403.428793493
162754.791419004
Case #61: 
1.000000000
1.000000000
Case #62: 
20.085536923
20.085536923
20.085536923
20.085536923
20.085536923
20.085536923
20.085536923
20.085536923
20.085536923
Case #63: 
442413.392008920
22026.465794807
148.413159103
8103.083927575
148.413159103
1096.633158428
403.428793493
148.413159103
54.598150033
178482300.963187248
Case #64: 
2.718281828
1096.633158428
Case #65: 
178482300.963187248
Case #66: 
2.718281828
2.718281828
2.718281828
Case #67: 
403.428793493
1096.633158428
1096.633158428
1096.633158428
1096.633158428
8103.083927575
1096.633158428
2980.957987042
403.428793493
2980.957987042
Case #68: 
22026.465794807
178482300.963187248
22026.465794807
22026.465794807
Case #69: 
162754.791419004
Case #70: 
162754.791419004
442413.392008920
22026.465794807
442413.392008920
59874.141715198
3269017.372472111
442413.392008920
3269017.372472111
22026.465794807
485165195.409790277
Case #71: 
54.598150033
2980.957987042
54.598150033
8103.083927575
403.428793493
54.598150033
178482300.963187248
7.389056099
22026.465794807
442413.392008920
Case #72: 
485165195.409790277
442413.392008920
485165195.409790277
442413.392008920
22026.465794807
485165195.409790277
3269017.372472111
485165195.409790277
Case #73: 
22026.465794807
Case #74: 
1096.633158428
162754.791419004
22026.465794807
22026.465794807
1096.633158428
8103.083927575
59874.141715198
2980.957987042
1202604.284164777
178482300.963187248
Case #75: 
148.413159103
7.389056099
2980.957987042
148.413159103
148.413159103
54.598150033
8103.083927575
Case #76: 
162754.791419004
178482300.963187248
485165195.409790277
3269017.372472111
Case #77: 
2.718281828
2.718281828
2.718281828
2.718281828
2.718281828
2.718281828
2.718281828
2.718281828
Case #78: 
8103.083927575
Case #79: 
1096.633158428
2.718281828
22026.465794807
22026.465794807
403.428793493
22026.465794807
Case #80: 
403.428793493
2.718281828
403.428793493
403.428793493
Case #81: 
1096.633158428
1096.633158428
442413.392008920
22026.465794807
2.718281828
2.718281828
22026.465794807
22026.465794807
1.000000000
162754.791419004
Case #82: 
148.413159103
3269017.372472111
2980.957987042
22026.465794807
2980.957987042
162754.791419004
22026.465794807
22026.465794807
22026.465794807
3269017.372472111
Case #83: 
1096.633158428
Case #84: 
1096.633158428
22026.465794807
148.413159103
403.428793493
403.428793493
Case #85: 
162754.791419004
22026.465794807
148.413159103
22026.465794807
1096.633158428
3269017.372472111
59874.141715198
2.718281828
59874.141715198
22026.465794807
Case #86: 
22026.465794807
22026.465794807
162754.791419004
8103.083927575
59874.141715198
22026.465794807
8103.083927575
22026.465794807
Case #87: 
22026.465794807
59874.141715198
148.413159103
22026.465794807
148.413159103
442413.392008920
1202604.284164777
59874.141715198
22026.465794807
8103.083927575
Case #88: 
178482300.963187248
178482300.963187248
162754.791419004
403.428793493
59874.141715198
22026.465794807
22026.465794807
162754.791419004
162754.791419004
162754.791419004
Case #89: 
22026.465794807
22026.465794807
22026.465794807
22026.465794807
22026.465794807
442413.392008920
162754.791419004
8103.083927575
8103.083927575
22026.465794807
Case #90: 
442413.392008920
2980.957987042
485165195.409790277
7.389056099
59874.141715198
59874.141715198
22026.465794807
Case #91: 
2980.957987042
Case #92: 
162754.791419004
162754.791419004
8103.083927575
Case #93: 
2.718281828
54.598150033
2.718281828
2.718281828
7.389056099
1.000000000
Case #94: 
20.085536923
54.598150033
1202604.284164777
7.389056099
59874.141715198
1.000000000
20.085536923
403.428793493
54.598150033
1202604.284164777
Case #95: 
1.000000000
Case #96: 
2980.957987042
148.413159103
1096.633158428
1096.633158428
148.413159103
22026.465794807
148.413159103
2980.957987042
Case #97: 
178482300.963187248
178482300.963187248
Case #98: 
22026.465794807
442413.392008920
22026.465794807
178482300.963187248
Case #99: 
59874.141715198
22026.465794807
2.718281828
54.598150033
22026.465794807
403.428793493
403.428793493
403.428793493
8103.083927575
1096.633158428
Case #100: 
22026.465794807
7.389056099
20.085536923
22026.465794807
148.413159103
1096.633158428
148.413159103
22026.465794807
2980.957987042
148.413159103
