Case #1: 
227142.609146657
4914.768840299
4160.262005375
9897.129058744
108254987.750230759
485165195.409790277
227142.609146657
227142.609146657
54.598150033
Case #2: 
148.413159103
7.389056099
928.279927519
30740.409343966
981.310466284
403.428793493
25.790339917
1096.633158428
3640.950307332
Case #3: 
3269017.372472111
6859.112459947
59874.141715198
294267566.041508794
442413.392008920
46630.028453524
42901.697232671
28282.541920335
22026.465794807
1.648721271
Case #4: 
133252.352945531
148.413159103
148.413159103
178482300.963187248
12401566.253108991
1202604.284164777
8886110.520507872
12401566.253108991
Case #5: 
4197501.393847967
32859.625674443
485165195.409790277
Case #6: 
36315.502674247
3269017.372472111
984609.111229036
36315.502674247
861703.623834241
8886110.520507872
178482300.963187248
294267566.041508794
179871.862253751
1982759.263537569
Case #7: 
162754.791419004
59874.141715198
2980.957987042
936589.158232554
59874.141715198
50682.366755426
87116.362153246
122306.530090586
Case #8: 
403.428793493
1096.633158428
Case #9: 
485165195.409790277
Case #10: 
49020.801136382
317003.047591547
46630.028453524
178482300.963187248
403.428793493
442413.392008920
51136035.380597278
10069282.390094347
7703172.824965862
485165195.409790277
Case #11: 
3269017.372472111
148.413159103
1.000000000
Case #12: 
3269017.372472111
1982759.263537569
785.771994227
2440.601977624
4575.958338052
22026.465794807
1982759.263537569
5569.162708566
22026.465794807
5278.665356875
Case #13: 
7.389056099
344551.896137824
344551.896137824
Case #14: 
13359.726829662
98715.771010760
22026.465794807
13359.726829662
227142.609146657
126753.559005743
26903.186074298
236806.824202627
Case #15: 
1.947734041
1096.633158428
90.017131301
2.718281828
1998.195895104
1.648721271
244.691932264
Case #16: 
2.718281828
11308.764610840
1096.633158428
10404.565716561
2.718281828
3966.797153435
4337.268278483
Case #17: 
492.749041093
54.598150033
22026.465794807
1096.633158428
2321.572414611
6089.283575456
6310.688108089
785.771994227
785.771994227
Case #18: 
824.094917392
1635.984429996
22026.465794807
1635.984429996
665.141633044
54.598150033
1096.633158428
4914.768840299
4914.768840299
7.389056099
Case #19: 
30740.409343966
5278.665356875
9897.129058744
4914.768840299
785.771994227
22026.465794807
3640.950307332
22026.465794807
Case #20: 
178482300.963187248
22026.465794807
162754.791419004
22026.465794807
Case #21: 
162754.791419004
936589.158232554
59874.141715198
Case #22: 
36315.502674247
22026.465794807
1096.633158428
244.691932264
59874.141715198
244.691932264
Case #23: 
32859.625674443
601.845037872
14.391916095
403.428793493
30740.409343966
2980.957987042
198789.151142954
59874.141715198
42901.697232671
76.197856573
Case #24: 
54.598150033
9181.997017603
59874.141715198
601.845037872
36315.502674247
28.031624895
Case #25: 
294267566.041508794
3.793667895
344551.896137824
20.085536923
76.197856573
4.481689070
861703.623834241
Case #26: 
6367176.417163039
374494.851182419
145639.386361647
162754.791419004
148.413159103
3992786.835210945
268337.286520874
28282.541920335
133252.352945531
268337.286520874
Case #27: 
563.030236836
168.174141652
20.085536923
54.598150033
81.450868665
1530.474861664
116618.903997623
7.389056099
476.594806042
12088.380730217
Case #28: 
660003.224766157
22026.465794807
617437.626912133
617437.626912133
660003.224766157
660003.224766157
317003.047591547
317003.047591547
617437.626912133
36315.502674247
Case #29: 
7.389056099
59874.141715198
7.389056099
Case #30: 
59874.141715198
10404.565716561
22026.465794807
59874.141715198
19094.256407121
5569.162708566
5431.659591363
Case #31: 
22026.465794807
22026.465794807
22026.465794807
22026.465794807
22026.465794807
22026.465794807
22026.465794807
22026.465794807
22026.465794807
Case #32: 
29310.886699806
10119.527198378
1096.633158428
2980.957987042
3827.625821440
178482300.963187248
Case #33: 
22026.465794807
Case #34: 
485165195.409790277
485165195.409790277
485165195.409790277
485165195.409790277
485165195.409790277
485165195.409790277
485165195.409790277
485165195.409790277
Case #35: 
4.481689070
4.481689070
7.389056099
59874.141715198
59874.141715198
4.481689070
7.389056099
Case #36: 
24154952.753575299
347636053.311766028
24154952.753575299
Case #37: 
178482300.963187248
294267566.041508794
249092116.882178783
Case #38: 
7.389056099
7.389056099
7.389056099
7.389056099
Case #39: 
403.428793493
1096.633158428
36315.502674247
753.704212555
25.790339917
54.598150033
2.718281828
Case #40: 
148.413159103
5431.659591363
8103.083927575
1530.474861664
5431.659591363
619.288617759
Case #41: 
4.481689070
59874.141715198
485165195.409790277
2.718281828
485165195.409790277
2.718281828
2135.949733220
Case #42: 
1982759.263537569
65659969.137330510
Case #43: 
24154952.753575299
2342353.302185925
5806.113346315
8103.083927575
268337.286520874
Case #44: 
3269017.372472111
89321.723360806
1982759.263537569
Case #45: 
59874.141715198
13359.726829662
Case #46: 
2.718281828
Case #47: 
2980.957987042
Case #48: 
22026.465794807
22026.465794807
22026.465794807
22026.465794807
22026.465794807
22026.465794807
22026.465794807
22026.465794807
22026.465794807
Case #49: 
485165195.409790277
1875609.899905968
24154952.753575299
861703.623834241
5389698.476283012
1202604.284164777
31015573.274482232
178482300.963187248
5389698.476283012
268337.286520874
Case #50: 
485165195.409790277
1530.474861664
1.648721271
2.718281828
Case #51: 
485165195.409790277
485165195.409790277
485165195.409790277
485165195.409790277
485165195.409790277
485165195.409790277
Case #52: 
1.648721271
1.648721271
2.718281828
1.648721271
1.000000000
1.648721271
1.648721271
2.718281828
2.718281828
Case #53: 
59874.141715198
8886110.520507872
116618.903997623
729416.369847701
2980.957987042
59874.141715198
116618.903997623
729416.369847701
8886110.520507872
Case #54: 
7.389056099
7.389056099
7.389056099
7.389056099
7.389056099
7.389056099
7.389056099
7.389056099
7.389056099
7.389056099
Case #55: 
208981.288869713
4914.768840299
10404.565716561
59874.141715198
665.141633044
15782.652403262
15782.652403262
4914.768840299
98715.771010760
19438.287838802
Case #56: 
8103.083927575
3269017.372472111
12401566.253108991
485165195.409790277
5389698.476283012
5389698.476283012
3269017.372472111
Case #57: 
485165195.409790277
984609.111229036
4.481689070
190.566268459
984609.111229036
11308.764610840
806129.759123990
244.691932264
15782.652403262
4.481689070
Case #58: 
1.000000000
1.648721271
Case #59: 
59874.141715198
8103.083927575
22026.465794807
22026.465794807
30740.409343966
22026.465794807
22026.465794807
22026.465794807
22026.465794807
Case #60: 
3269017.372472111
7.389056099
2135.949733220
403.428793493
198789.151142954
Case #61: 
1.000000000
1.648721271
Case #62: 
20.085536923
20.085536923
20.085536923
20.085536923
20.085536923
20.085536923
20.085536923
20.085536923
20.085536923
Case #63: 
984609.111229036
22026.465794807
330.299559910
8103.083927575
148.413159103
1096.633158428
563.030236836
289.069362125
115.584284527
294267566.041508794
Case #64: 
2.718281828
1530.474861664
Case #65: 
178482300.963187248
Case #66: 
2.718281828
2.718281828
2.718281828
Case #67: 
518.012824668
1530.474861664
1595.591830499
1808.042414456
1595.591830499
8103.083927575
1096.633158428
2980.957987042
785.771994227
5278.665356875
Case #68: 
22026.465794807
178482300.963187248
22026.465794807
22026.465794807
Case #69: 
208981.288869713
Case #70: 
304065.981121279
861703.623834241
29310.886699806
442413.392008920
80821.637540314
4197501.393847967
510352.602294297
4197501.393847967
36315.502674247
485165195.409790277
Case #71: 
106.342675398
7024.384376636
76.197856573
13359.726829662
967.775365585
76.197856573
178482300.963187248
7.389056099
26903.186074298
442413.392008920
Case #72: 
485165195.409790277
861703.623834241
485165195.409790277
861703.623834241
36315.502674247
485165195.409790277
4197501.393847967
485165195.409790277
Case #73: 
44994.057941343
Case #74: 
1808.042414456
208981.288869713
22026.465794807
22026.465794807
1683.400996226
11308.764610840
133252.352945531
3640.950307332
1202604.284164777
178482300.963187248
Case #75: 
190.566268459
7.389056099
3640.950307332
148.413159103
244.691932264
90.017131301
8103.083927575
Case #76: 
296558.565298203
178482300.963187248
485165195.409790277
4197501.393847967
Case #77: 
2.718281828
2.718281828
2.718281828
2.718281828
2.718281828
2.718281828
2.718281828
2.718281828
Case #78: 
13359.726829662
Case #79: 
1096.633158428
2.718281828
42901.697232671
42901.697232671
403.428793493
22026.465794807
Case #80: 
403.428793493
2.718281828
403.428793493
403.428793493
Case #81: 
1530.474861664
1530.474861664
617437.626912133
36315.502674247
2.718281828
2.718281828
22026.465794807
22026.465794807
1.648721271
198789.151142954
Case #82: 
244.691932264
6367176.417163039
6859.112459947
22026.465794807
6859.112459947
208981.288869713
26903.186074298
28282.541920335
46630.028453524
5389698.476283012
Case #83: 
1530.474861664
Case #84: 
2321.572414611
36315.502674247
148.413159103
785.771994227
785.771994227
Case #85: 
198789.151142954
25408.959902143
244.691932264
29310.886699806
1096.633158428
3269017.372472111
59874.141715198
2.718281828
98715.771010760
42901.697232671
Case #86: 
36315.502674247
22026.465794807
208981.288869713
13359.726829662
59874.141715198
42901.697232671
15782.652403262
22026.465794807
Case #87: 
22026.465794807
59874.141715198
148.413159103
22026.465794807
244.691932264
617437.626912133
1982759.263537569
59874.141715198
26021.194725324
15782.652403262
Case #88: 
294267566.041508794
178482300.963187248
162754.791419004
563.030236836
79675.250692105
22026.465794807
22026.465794807
236806.824202627
208981.288869713
268337.286520874
Case #89: 
42901.697232671
24959.255641915
36315.502674247
30740.409343966
42901.697232671
861703.623834241
162754.791419004
11789.917546553
11789.917546553
22026.465794807
Case #90: 
861703.623834241
2980.957987042
485165195.409790277
7.389056099
59874.141715198
59874.141715198
49020.801136382
Case #91: 
2980.957987042
Case #92: 
268337.286520874
268337.286520874
8103.083927575
Case #93: 
2.718281828
54.598150033
4.481689070
4.481689070
10.312258501
1.000000000
Case #94: 
25.790339917
54.598150033
1982759.263537569
16.444646771
59874.141715198
1.000000000
41.029269994
450.839369608
70.105412347
1982759.263537569
Case #95: 
1.000000000
Case #96: 
5431.659591363
244.691932264
1530.474861664
2584.126599050
244.691932264
22026.465794807
341.495100986
5431.659591363
Case #97: 
294267566.041508794
347636053.311766028
Case #98: 
22026.465794807
442413.392008920
22026.465794807
178482300.963187248
Case #99: 
116618.903997623
22026.465794807
2.718281828
54.598150033
22026.465794807
403.428793493
403.428793493
403.428793493
17154.228809291
1530.474861664
Case #100: 
26903.186074298
13.463738035
20.085536923
36315.502674247
244.691932264
2048.780465020
349.723505202
36315.502674247
3294.468075284
349.723505202
